{"meta": {"format": 3, "version": "7.13.5", "timestamp": "2026-04-19T14:45:53.883823", "branch_coverage": false, "show_contexts": false}, "files": {"C:\\Users\\10350\\AppData\\Local\\Temp\\pytest-of-10350\\pytest-469\\test_substrate_load_auto_impor0\\.myco\\plugins\\__init__.py": {"executed_lines": [10, 14, 15, 19, 20, 21, 22, 24, 25, 26, 27], "summary": {"covered_lines": 11, "num_statements": 13, "percent_covered": 84.61538461538461, "percent_covered_display": "85", "missing_lines": 2, "excluded_lines": 0, "percent_statements_covered": 84.61538461538461, "percent_statements_covered_display": "85"}, "missing_lines": [16, 17], "excluded_lines": [], "functions": {"": {"executed_lines": [10, 14, 15, 19, 20, 21, 22, 24, 25, 26, 27], "summary": {"covered_lines": 11, "num_statements": 13, "percent_covered": 84.61538461538461, "percent_covered_display": "85", "missing_lines": 2, "excluded_lines": 0, "percent_statements_covered": 84.61538461538461, "percent_statements_covered_display": "85"}, "missing_lines": [16, 17], "excluded_lines": [], "start_line": 1}}, "classes": {"": {"executed_lines": [10, 14, 15, 19, 20, 21, 22, 24, 25, 26, 27], "summary": {"covered_lines": 11, "num_statements": 13, "percent_covered": 84.61538461538461, "percent_covered_display": "85", "missing_lines": 2, "excluded_lines": 0, "percent_statements_covered": 84.61538461538461, "percent_statements_covered_display": "85"}, "missing_lines": [16, 17], "excluded_lines": [], "start_line": 1}}}, "C:\\Users\\10350\\AppData\\Local\\Temp\\pytest-of-10350\\pytest-469\\test_substrate_load_auto_impor0\\.myco\\plugins\\dimensions\\__init__.py": {"executed_lines": [4, 6, 7, 9, 10, 12, 15, 17, 18, 19, 20, 21, 22, 27], "summary": {"covered_lines": 14, "num_statements": 16, "percent_covered": 87.5, "percent_covered_display": "88", "missing_lines": 2, "excluded_lines": 0, "percent_statements_covered": 87.5, "percent_statements_covered_display": "88"}, "missing_lines": [23, 24], "excluded_lines": [], "functions": {"register_all": {"executed_lines": [17, 18, 19, 20, 21, 22], "summary": {"covered_lines": 6, "num_statements": 8, "percent_covered": 75.0, "percent_covered_display": "75", "missing_lines": 2, "excluded_lines": 0, "percent_statements_covered": 75.0, "percent_statements_covered_display": "75"}, "missing_lines": [23, 24], "excluded_lines": [], "start_line": 15}, "": {"executed_lines": [4, 6, 7, 9, 10, 12, 15, 27], "summary": {"covered_lines": 8, "num_statements": 8, "percent_covered": 100.0, "percent_covered_display": "100", "missing_lines": 0, "excluded_lines": 0, "percent_statements_covered": 100.0, "percent_statements_covered_display": "100"}, "missing_lines": [], "excluded_lines": [], "start_line": 1}}, "classes": {"": {"executed_lines": [4, 6, 7, 9, 10, 12, 15, 17, 18, 19, 20, 21, 22, 27], "summary": {"covered_lines": 14, "num_statements": 16, "percent_covered": 87.5, "percent_covered_display": "88", "missing_lines": 2, "excluded_lines": 0, "percent_statements_covered": 87.5, "percent_statements_covered_display": "88"}, "missing_lines": [23, 24], "excluded_lines": [], "start_line": 1}}}, "C:\\Users\\10350\\AppData\\Local\\Temp\\pytest-of-10350\\pytest-469\\test_substrate_load_auto_impor0\\.myco\\plugins\\dimensions\\dt2.py": {"executed_lines": [14, 16, 18, 19, 21, 22, 24, 27, 30, 31, 32, 34, 37], "summary": {"covered_lines": 13, "num_statements": 13, "percent_covered": 100.0, "percent_covered_display": "100", "missing_lines": 0, "excluded_lines": 0, "percent_statements_covered": 100.0, "percent_statements_covered_display": "100"}, "missing_lines": [], "excluded_lines": [], "functions": {"Dt2Dimension.run": {"executed_lines": [37], "summary": {"covered_lines": 1, "num_statements": 1, "percent_covered": 100.0, "percent_covered_display": "100", "missing_lines": 0, "excluded_lines": 0, "percent_statements_covered": 100.0, "percent_statements_covered_display": "100"}, "missing_lines": [], "excluded_lines": [], "start_line": 34}, "": {"executed_lines": [14, 16, 18, 19, 21, 22, 24, 27, 30, 31, 32, 34], "summary": {"covered_lines": 12, "num_statements": 12, "percent_covered": 100.0, "percent_covered_display": "100", "missing_lines": 0, "excluded_lines": 0, "percent_statements_covered": 100.0, "percent_statements_covered_display": "100"}, "missing_lines": [], "excluded_lines": [], "start_line": 1}}, "classes": {"Dt2Dimension": {"executed_lines": [37], "summary": {"covered_lines": 1, "num_statements": 1, "percent_covered": 100.0, "percent_covered_display": "100", "missing_lines": 0, "excluded_lines": 0, "percent_statements_covered": 100.0, "percent_statements_covered_display": "100"}, "missing_lines": [], "excluded_lines": [], "start_line": 27}, "": {"executed_lines": [14, 16, 18, 19, 21, 22, 24, 27, 30, 31, 32, 34], "summary": {"covered_lines": 12, "num_statements": 12, "percent_covered": 100.0, "percent_covered_display": "100", "missing_lines": 0, "excluded_lines": 0, "percent_statements_covered": 100.0, "percent_statements_covered_display": "100"}, "missing_lines": [], "excluded_lines": [], "start_line": 1}}}, "src\\myco\\__init__.py": {"executed_lines": [14], "summary": {"covered_lines": 1, "num_statements": 1, "percent_covered": 100.0, "percent_covered_display": "100", "missing_lines": 0, "excluded_lines": 0, "percent_statements_covered": 100.0, "percent_statements_covered_display": "100"}, "missing_lines": [], "excluded_lines": [], "functions": {"": {"executed_lines": [14], "summary": {"covered_lines": 1, "num_statements": 1, "percent_covered": 100.0, "percent_covered_display": "100", "missing_lines": 0, "excluded_lines": 0, "percent_statements_covered": 100.0, "percent_statements_covered_display": "100"}, "missing_lines": [], "excluded_lines": [], "start_line": 1}}, "classes": {"": {"executed_lines": [14], "summary": {"covered_lines": 1, "num_statements": 1, "percent_covered": 100.0, "percent_covered_display": "100", "missing_lines": 0, "excluded_lines": 0, "percent_statements_covered": 100.0, "percent_statements_covered_display": "100"}, "missing_lines": [], "excluded_lines": [], "start_line": 1}}}, "src\\myco\\__main__.py": {"executed_lines": [6, 8, 10], "summary": {"covered_lines": 3, "num_statements": 3, "percent_covered": 100.0, "percent_covered_display": "100", "missing_lines": 0, "excluded_lines": 2, "percent_statements_covered": 100.0, "percent_statements_covered_display": "100"}, "missing_lines": [], "excluded_lines": [13, 14], "functions": {"": {"executed_lines": [6, 8, 10], "summary": {"covered_lines": 3, "num_statements": 3, "percent_covered": 100.0, "percent_covered_display": "100", "missing_lines": 0, "excluded_lines": 2, "percent_statements_covered": 100.0, "percent_statements_covered_display": "100"}, "missing_lines": [], "excluded_lines": [13, 14], "start_line": 1}}, "classes": {"": {"executed_lines": [6, 8, 10], "summary": {"covered_lines": 3, "num_statements": 3, "percent_covered": 100.0, "percent_covered_display": "100", "missing_lines": 0, "excluded_lines": 2, "percent_statements_covered": 100.0, "percent_statements_covered_display": "100"}, "missing_lines": [], "excluded_lines": [13, 14], "start_line": 1}}}, "src\\myco\\circulation\\__init__.py": {"executed_lines": [17, 25, 26, 28], "summary": {"covered_lines": 4, "num_statements": 4, "percent_covered": 100.0, "percent_covered_display": "100", "missing_lines": 0, "excluded_lines": 0, "percent_statements_covered": 100.0, "percent_statements_covered_display": "100"}, "missing_lines": [], "excluded_lines": [], "functions": {"": {"executed_lines": [17, 25, 26, 28], "summary": {"covered_lines": 4, "num_statements": 4, "percent_covered": 100.0, "percent_covered_display": "100", "missing_lines": 0, "excluded_lines": 0, "percent_statements_covered": 100.0, "percent_statements_covered_display": "100"}, "missing_lines": [], "excluded_lines": [], "start_line": 1}}, "classes": {"": {"executed_lines": [17, 25, 26, 28], "summary": {"covered_lines": 4, "num_statements": 4, "percent_covered": 100.0, "percent_covered_display": "100", "missing_lines": 0, "excluded_lines": 0, "percent_statements_covered": 100.0, "percent_statements_covered_display": "100"}, "missing_lines": [], "excluded_lines": [], "start_line": 1}}}, "src\\myco\\circulation\\graph.py": {"executed_lines": [27, 29, 30, 31, 32, 33, 34, 35, 37, 39, 40, 41, 43, 45, 60, 63, 71, 72, 75, 76, 79, 80, 81, 84, 85, 93, 94, 96, 97, 99, 100, 106, 107, 110, 111, 112, 113, 114, 115, 117, 119, 122, 124, 125, 126, 127, 128, 131, 133, 134, 135, 136, 137, 138, 139, 144, 145, 146, 147, 150, 152, 153, 154, 155, 156, 157, 158, 159, 160, 163, 166, 178, 179, 180, 181, 182, 184, 185, 186, 187, 190, 193, 194, 195, 196, 197, 198, 204, 219, 220, 221, 222, 223, 228, 229, 230, 231, 235, 237, 238, 239, 240, 241, 244, 245, 246, 248, 249, 250, 251, 254, 258, 259, 260, 261, 262, 263, 264, 265, 268, 281, 282, 292, 298, 312, 313, 314, 315, 316, 317, 318, 320, 321, 322, 323, 324, 325, 327, 329, 330, 331, 332, 333, 335, 336, 341, 344, 352, 353, 354, 355, 356, 359, 365, 373, 374, 375, 378, 379, 380, 381, 382, 383, 386, 387, 388, 390, 393, 394, 397, 398, 399, 400, 401, 402, 406, 407, 408, 411, 412, 413, 415, 418, 419, 421, 422, 425, 426, 427, 428, 429, 432, 433, 436, 437, 438, 439, 440, 442, 443, 444, 445, 446, 449, 462, 463, 464, 465, 466, 467, 468, 474, 475, 476, 477, 481, 483, 486, 502, 504, 505, 507, 508, 510, 511, 512, 513, 514, 517, 518, 519, 525], "summary": {"covered_lines": 232, "num_statements": 280, "percent_covered": 82.85714285714286, "percent_covered_display": "83", "missing_lines": 48, "excluded_lines": 0, "percent_statements_covered": 82.85714285714286, "percent_statements_covered_display": "83"}, "missing_lines": [118, 140, 141, 142, 188, 189, 224, 225, 242, 243, 247, 252, 253, 319, 326, 328, 334, 339, 340, 357, 358, 384, 385, 389, 391, 403, 404, 409, 410, 414, 416, 423, 424, 430, 447, 448, 450, 451, 452, 453, 454, 456, 457, 478, 479, 480, 520, 524], "excluded_lines": [], "functions": {"Graph.outgoing": {"executed_lines": [97], "summary": {"covered_lines": 1, "num_statements": 1, "percent_covered": 100.0, "percent_covered_display": "100", "missing_lines": 0, "excluded_lines": 0, "percent_statements_covered": 100.0, "percent_statements_covered_display": "100"}, "missing_lines": [], "excluded_lines": [], "start_line": 96}, "Graph.incoming": {"executed_lines": [100], "summary": {"covered_lines": 1, "num_statements": 1, "percent_covered": 100.0, "percent_covered_display": "100", "missing_lines": 0, "excluded_lines": 0, "percent_statements_covered": 100.0, "percent_statements_covered_display": "100"}, "missing_lines": [], "excluded_lines": [], "start_line": 99}, "_rel": {"executed_lines": [107], "summary": {"covered_lines": 1, "num_statements": 1, "percent_covered": 100.0, "percent_covered_display": "100", "missing_lines": 0, "excluded_lines": 0, "percent_statements_covered": 100.0, "percent_statements_covered_display": "100"}, "missing_lines": [], "excluded_lines": [], "start_line": 106}, "_is_external": {"executed_lines": [111, 112, 113, 114, 115, 117, 119], "summary": {"covered_lines": 7, "num_statements": 8, "percent_covered": 87.5, "percent_covered_display": "88", "missing_lines": 1, "excluded_lines": 0, "percent_statements_covered": 87.5, "percent_statements_covered_display": "88"}, "missing_lines": [118], "excluded_lines": [], "start_line": 110}, "_strip_fragment": {"executed_lines": [124, 125, 126, 127, 128], "summary": {"covered_lines": 5, "num_statements": 5, "percent_covered": 100.0, "percent_covered_display": "100", "missing_lines": 0, "excluded_lines": 0, "percent_statements_covered": 100.0, "percent_statements_covered_display": "100"}, "missing_lines": [], "excluded_lines": [], "start_line": 122}, "_iter_canon_refs": {"executed_lines": [133, 134, 135, 136, 137, 138, 139, 144, 145, 146, 147], "summary": {"covered_lines": 11, "num_statements": 14, "percent_covered": 78.57142857142857, "percent_covered_display": "79", "missing_lines": 3, "excluded_lines": 0, "percent_statements_covered": 78.57142857142857, "percent_statements_covered_display": "79"}, "missing_lines": [140, 141, 142], "excluded_lines": [], "start_line": 131}, "_iter_markdown_links": {"executed_lines": [152, 153, 154, 155, 156, 157, 158, 159, 160], "summary": {"covered_lines": 9, "num_statements": 9, "percent_covered": 100.0, "percent_covered_display": "100", "missing_lines": 0, "excluded_lines": 0, "percent_statements_covered": 100.0, "percent_statements_covered_display": "100"}, "missing_lines": [], "excluded_lines": [], "start_line": 150}, "_resolve": {"executed_lines": [178, 179, 180, 181, 182, 184, 185, 186, 187, 190], "summary": {"covered_lines": 10, "num_statements": 12, "percent_covered": 83.33333333333333, "percent_covered_display": "83", "missing_lines": 2, "excluded_lines": 0, "percent_statements_covered": 83.33333333333333, "percent_statements_covered_display": "83"}, "missing_lines": [188, 189], "excluded_lines": [], "start_line": 166}, "_iter_files": {"executed_lines": [194, 195, 196, 197, 198], "summary": {"covered_lines": 5, "num_statements": 5, "percent_covered": 100.0, "percent_covered_display": "100", "missing_lines": 0, "excluded_lines": 0, "percent_statements_covered": 100.0, "percent_statements_covered_display": "100"}, "missing_lines": [], "excluded_lines": [], "start_line": 193}, "_canon_fingerprint": {"executed_lines": [219, 220, 221, 222, 223, 228, 229, 230, 231, 235, 237, 238, 239, 240, 241, 244, 245, 246, 248, 249, 250, 251, 254, 258, 259, 260, 261, 262, 263, 264, 265], "summary": {"covered_lines": 31, "num_statements": 38, "percent_covered": 81.57894736842105, "percent_covered_display": "82", "missing_lines": 7, "excluded_lines": 0, "percent_statements_covered": 81.57894736842105, "percent_statements_covered_display": "82"}, "missing_lines": [224, 225, 242, 243, 247, 252, 253], "excluded_lines": [], "start_line": 204}, "persist_graph": {"executed_lines": [281, 282, 292], "summary": {"covered_lines": 3, "num_statements": 3, "percent_covered": 100.0, "percent_covered_display": "100", "missing_lines": 0, "excluded_lines": 0, "percent_statements_covered": 100.0, "percent_statements_covered_display": "100"}, "missing_lines": [], "excluded_lines": [], "start_line": 268}, "load_persisted_graph": {"executed_lines": [312, 313, 314, 315, 316, 317, 318, 320, 321, 322, 323, 324, 325, 327, 329, 330, 331, 332, 333, 335, 336, 341], "summary": {"covered_lines": 22, "num_statements": 28, "percent_covered": 78.57142857142857, "percent_covered_display": "79", "missing_lines": 6, "excluded_lines": 0, "percent_statements_covered": 78.57142857142857, "percent_statements_covered_display": "79"}, "missing_lines": [319, 326, 328, 334, 339, 340], "excluded_lines": [], "start_line": 298}, "invalidate_graph_cache": {"executed_lines": [352, 353, 354, 355, 356, 359], "summary": {"covered_lines": 6, "num_statements": 8, "percent_covered": 75.0, "percent_covered_display": "75", "missing_lines": 2, "excluded_lines": 0, "percent_statements_covered": 75.0, "percent_statements_covered_display": "75"}, "missing_lines": [357, 358], "excluded_lines": [], "start_line": 344}, "_build_graph_uncached": {"executed_lines": [373, 374, 375, 378, 379, 380, 381, 382, 383, 386, 387, 388, 390, 393, 394, 397, 398, 399, 400, 401, 402, 406, 407, 408, 411, 412, 413, 415, 418, 419, 421, 422, 425, 426, 427, 428, 429, 432, 433, 436, 437, 438, 439, 440, 442, 443, 444, 445, 446, 449, 462, 463, 464, 465, 466, 467, 468, 474, 475, 476, 477, 481, 483], "summary": {"covered_lines": 63, "num_statements": 88, "percent_covered": 71.5909090909091, "percent_covered_display": "72", "missing_lines": 25, "excluded_lines": 0, "percent_statements_covered": 71.5909090909091, "percent_statements_covered_display": "72"}, "missing_lines": [384, 385, 389, 391, 403, 404, 409, 410, 414, 416, 423, 424, 430, 447, 448, 450, 451, 452, 453, 454, 456, 457, 478, 479, 480], "excluded_lines": [], "start_line": 365}, "build_graph": {"executed_lines": [502, 504, 505, 507, 508, 510, 511, 512, 513, 514, 517, 518, 519, 525], "summary": {"covered_lines": 14, "num_statements": 16, "percent_covered": 87.5, "percent_covered_display": "88", "missing_lines": 2, "excluded_lines": 0, "percent_statements_covered": 87.5, "percent_statements_covered_display": "88"}, "missing_lines": [520, 524], "excluded_lines": [], "start_line": 486}, "": {"executed_lines": [27, 29, 30, 31, 32, 33, 34, 35, 37, 39, 40, 41, 43, 45, 60, 63, 71, 72, 75, 76, 79, 80, 81, 84, 85, 93, 94, 96, 99, 106, 110, 122, 131, 150, 163, 166, 193, 204, 268, 298, 344, 365, 486], "summary": {"covered_lines": 43, "num_statements": 43, "percent_covered": 100.0, "percent_covered_display": "100", "missing_lines": 0, "excluded_lines": 0, "percent_statements_covered": 100.0, "percent_statements_covered_display": "100"}, "missing_lines": [], "excluded_lines": [], "start_line": 1}}, "classes": {"Edge": {"executed_lines": [], "summary": {"covered_lines": 0, "num_statements": 0, "percent_covered": 100.0, "percent_covered_display": "100", "missing_lines": 0, "excluded_lines": 0, "percent_statements_covered": 100.0, "percent_statements_covered_display": "100"}, "missing_lines": [], "excluded_lines": [], "start_line": 76}, "Graph": {"executed_lines": [97, 100], "summary": {"covered_lines": 2, "num_statements": 2, "percent_covered": 100.0, "percent_covered_display": "100", "missing_lines": 0, "excluded_lines": 0, "percent_statements_covered": 100.0, "percent_statements_covered_display": "100"}, "missing_lines": [], "excluded_lines": [], "start_line": 85}, "": {"executed_lines": [27, 29, 30, 31, 32, 33, 34, 35, 37, 39, 40, 41, 43, 45, 60, 63, 71, 72, 75, 76, 79, 80, 81, 84, 85, 93, 94, 96, 99, 106, 107, 110, 111, 112, 113, 114, 115, 117, 119, 122, 124, 125, 126, 127, 128, 131, 133, 134, 135, 136, 137, 138, 139, 144, 145, 146, 147, 150, 152, 153, 154, 155, 156, 157, 158, 159, 160, 163, 166, 178, 179, 180, 181, 182, 184, 185, 186, 187, 190, 193, 194, 195, 196, 197, 198, 204, 219, 220, 221, 222, 223, 228, 229, 230, 231, 235, 237, 238, 239, 240, 241, 244, 245, 246, 248, 249, 250, 251, 254, 258, 259, 260, 261, 262, 263, 264, 265, 268, 281, 282, 292, 298, 312, 313, 314, 315, 316, 317, 318, 320, 321, 322, 323, 324, 325, 327, 329, 330, 331, 332, 333, 335, 336, 341, 344, 352, 353, 354, 355, 356, 359, 365, 373, 374, 375, 378, 379, 380, 381, 382, 383, 386, 387, 388, 390, 393, 394, 397, 398, 399, 400, 401, 402, 406, 407, 408, 411, 412, 413, 415, 418, 419, 421, 422, 425, 426, 427, 428, 429, 432, 433, 436, 437, 438, 439, 440, 442, 443, 444, 445, 446, 449, 462, 463, 464, 465, 466, 467, 468, 474, 475, 476, 477, 481, 483, 486, 502, 504, 505, 507, 508, 510, 511, 512, 513, 514, 517, 518, 519, 525], "summary": {"covered_lines": 230, "num_statements": 278, "percent_covered": 82.73381294964028, "percent_covered_display": "83", "missing_lines": 48, "excluded_lines": 0, "percent_statements_covered": 82.73381294964028, "percent_statements_covered_display": "83"}, "missing_lines": [118, 140, 141, 142, 188, 189, 224, 225, 242, 243, 247, 252, 253, 319, 326, 328, 334, 339, 340, 357, 358, 384, 385, 389, 391, 403, 404, 409, 410, 414, 416, 423, 424, 430, 447, 448, 450, 451, 452, 453, 454, 456, 457, 478, 479, 480, 520, 524], "excluded_lines": [], "start_line": 1}}}, "src\\myco\\circulation\\graph_src.py": {"executed_lines": [26, 28, 29, 30, 31, 33, 44, 68, 73, 90, 92, 93, 94, 95, 98, 99, 102, 130, 140, 142, 143, 144, 148, 149, 150, 151, 152, 153, 154, 157, 176, 178, 179, 186, 189, 190, 192, 193, 194, 198, 201, 211, 213, 214, 215, 216, 219, 221, 223, 224, 225, 228, 254, 255, 256, 257, 258, 263, 266, 268, 269, 270, 271, 272, 275, 276, 277, 282, 285, 286, 287, 288, 291, 292, 295, 297, 298, 305, 306, 314, 315, 317, 322, 329, 330, 333, 334, 337, 340, 341, 348, 349, 351, 352, 355, 356, 361, 362, 363, 364, 369, 371, 374, 381, 383, 384, 385, 386, 387, 390, 391, 392, 393, 394, 395, 396, 399, 407, 408, 409, 410, 413], "summary": {"covered_lines": 122, "num_statements": 157, "percent_covered": 77.70700636942675, "percent_covered_display": "78", "missing_lines": 35, "excluded_lines": 0, "percent_statements_covered": 77.70700636942675, "percent_statements_covered_display": "78"}, "missing_lines": [110, 111, 112, 113, 114, 115, 116, 117, 120, 121, 122, 123, 124, 125, 126, 127, 141, 177, 182, 183, 191, 212, 220, 222, 264, 273, 274, 316, 350, 368, 382, 388, 389, 411, 412], "excluded_lines": [], "functions": {"SrcGraphResult.__init__": {"executed_lines": [93, 94, 95], "summary": {"covered_lines": 3, "num_statements": 3, "percent_covered": 100.0, "percent_covered_display": "100", "missing_lines": 0, "excluded_lines": 0, "percent_statements_covered": 100.0, "percent_statements_covered_display": "100"}, "missing_lines": [], "excluded_lines": [], "start_line": 92}, "_rel": {"executed_lines": [99], "summary": {"covered_lines": 1, "num_statements": 1, "percent_covered": 100.0, "percent_covered_display": "100", "missing_lines": 0, "excluded_lines": 0, "percent_statements_covered": 100.0, "percent_statements_covered_display": "100"}, "missing_lines": [], "excluded_lines": [], "start_line": 98}, "_iter_py_files": {"executed_lines": [], "summary": {"covered_lines": 0, "num_statements": 16, "percent_covered": 0.0, "percent_covered_display": "0", "missing_lines": 16, "excluded_lines": 0, "percent_statements_covered": 0.0, "percent_statements_covered_display": "0"}, "missing_lines": [110, 111, 112, 113, 114, 115, 116, 117, 120, 121, 122, 123, 124, 125, 126, 127], "excluded_lines": [], "start_line": 102}, "_module_to_path": {"executed_lines": [140, 142, 143, 144, 148, 149, 150, 151, 152, 153, 154], "summary": {"covered_lines": 11, "num_statements": 12, "percent_covered": 91.66666666666667, "percent_covered_display": "92", "missing_lines": 1, "excluded_lines": 0, "percent_statements_covered": 91.66666666666667, "percent_statements_covered_display": "92"}, "missing_lines": [141], "excluded_lines": [], "start_line": 130}, "_resolve_relative_import": {"executed_lines": [176, 178, 179, 186, 189, 190, 192, 193, 194, 198], "summary": {"covered_lines": 10, "num_statements": 14, "percent_covered": 71.42857142857143, "percent_covered_display": "71", "missing_lines": 4, "excluded_lines": 0, "percent_statements_covered": 71.42857142857143, "percent_statements_covered_display": "71"}, "missing_lines": [177, 182, 183, 191], "excluded_lines": [], "start_line": 157}, "_extract_docstring_doc_refs": {"executed_lines": [211, 213, 214, 215, 216, 219, 221, 223, 224, 225], "summary": {"covered_lines": 10, "num_statements": 13, "percent_covered": 76.92307692307692, "percent_covered_display": "77", "missing_lines": 3, "excluded_lines": 0, "percent_statements_covered": 76.92307692307692, "percent_statements_covered_display": "77"}, "missing_lines": [212, 220, 222], "excluded_lines": [], "start_line": 201}, "walk_src_graph": {"executed_lines": [254, 255, 256, 257, 258, 263, 266, 268, 269, 270, 271, 272, 275, 276, 277, 282, 285, 286, 287, 288, 291, 292, 295, 297, 298, 305, 306, 314, 315, 317, 322, 329, 330, 333, 334, 337, 340, 341, 348, 349, 351, 352, 355, 356, 361, 362, 363, 364, 369, 371], "summary": {"covered_lines": 50, "num_statements": 56, "percent_covered": 89.28571428571429, "percent_covered_display": "89", "missing_lines": 6, "excluded_lines": 0, "percent_statements_covered": 89.28571428571429, "percent_statements_covered_display": "89"}, "missing_lines": [264, 273, 274, 316, 350, 368], "excluded_lines": [], "start_line": 228}, "_walk_py": {"executed_lines": [381, 383, 384, 385, 386, 387, 390, 391, 392, 393, 394, 395, 396], "summary": {"covered_lines": 13, "num_statements": 16, "percent_covered": 81.25, "percent_covered_display": "81", "missing_lines": 3, "excluded_lines": 0, "percent_statements_covered": 81.25, "percent_statements_covered_display": "81"}, "missing_lines": [382, 388, 389], "excluded_lines": [], "start_line": 374}, "_resolve_doc_ref": {"executed_lines": [407, 408, 409, 410, 413], "summary": {"covered_lines": 5, "num_statements": 7, "percent_covered": 71.42857142857143, "percent_covered_display": "71", "missing_lines": 2, "excluded_lines": 0, "percent_statements_covered": 71.42857142857143, "percent_statements_covered_display": "71"}, "missing_lines": [411, 412], "excluded_lines": [], "start_line": 399}, "": {"executed_lines": [26, 28, 29, 30, 31, 33, 44, 68, 73, 90, 92, 98, 102, 130, 157, 201, 228, 374, 399], "summary": {"covered_lines": 19, "num_statements": 19, "percent_covered": 100.0, "percent_covered_display": "100", "missing_lines": 0, "excluded_lines": 0, "percent_statements_covered": 100.0, "percent_statements_covered_display": "100"}, "missing_lines": [], "excluded_lines": [], "start_line": 1}}, "classes": {"SrcGraphResult": {"executed_lines": [93, 94, 95], "summary": {"covered_lines": 3, "num_statements": 3, "percent_covered": 100.0, "percent_covered_display": "100", "missing_lines": 0, "excluded_lines": 0, "percent_statements_covered": 100.0, "percent_statements_covered_display": "100"}, "missing_lines": [], "excluded_lines": [], "start_line": 73}, "": {"executed_lines": [26, 28, 29, 30, 31, 33, 44, 68, 73, 90, 92, 98, 99, 102, 130, 140, 142, 143, 144, 148, 149, 150, 151, 152, 153, 154, 157, 176, 178, 179, 186, 189, 190, 192, 193, 194, 198, 201, 211, 213, 214, 215, 216, 219, 221, 223, 224, 225, 228, 254, 255, 256, 257, 258, 263, 266, 268, 269, 270, 271, 272, 275, 276, 277, 282, 285, 286, 287, 288, 291, 292, 295, 297, 298, 305, 306, 314, 315, 317, 322, 329, 330, 333, 334, 337, 340, 341, 348, 349, 351, 352, 355, 356, 361, 362, 363, 364, 369, 371, 374, 381, 383, 384, 385, 386, 387, 390, 391, 392, 393, 394, 395, 396, 399, 407, 408, 409, 410, 413], "summary": {"covered_lines": 119, "num_statements": 154, "percent_covered": 77.27272727272727, "percent_covered_display": "77", "missing_lines": 35, "excluded_lines": 0, "percent_statements_covered": 77.27272727272727, "percent_statements_covered_display": "77"}, "missing_lines": [110, 111, 112, 113, 114, 115, 116, 117, 120, 121, 122, 123, 124, 125, 126, 127, 141, 177, 182, 183, 191, 212, 220, 222, 264, 273, 274, 316, 350, 368, 382, 388, 389, 411, 412], "excluded_lines": [], "start_line": 1}}}, "src\\myco\\circulation\\perfuse.py": {"executed_lines": [10, 12, 14, 16, 19, 22, 24, 26, 27, 36], "summary": {"covered_lines": 10, "num_statements": 11, "percent_covered": 90.9090909090909, "percent_covered_display": "91", "missing_lines": 1, "excluded_lines": 0, "percent_statements_covered": 90.9090909090909, "percent_statements_covered_display": "91"}, "missing_lines": [25], "excluded_lines": [], "functions": {"_warn_once": {"executed_lines": [24, 26, 27], "summary": {"covered_lines": 3, "num_statements": 4, "percent_covered": 75.0, "percent_covered_display": "75", "missing_lines": 1, "excluded_lines": 0, "percent_statements_covered": 75.0, "percent_statements_covered_display": "75"}, "missing_lines": [25], "excluded_lines": [], "start_line": 22}, "": {"executed_lines": [10, 12, 14, 16, 19, 22, 36], "summary": {"covered_lines": 7, "num_statements": 7, "percent_covered": 100.0, "percent_covered_display": "100", "missing_lines": 0, "excluded_lines": 0, "percent_statements_covered": 100.0, "percent_statements_covered_display": "100"}, "missing_lines": [], "excluded_lines": [], "start_line": 1}}, "classes": {"": {"executed_lines": [10, 12, 14, 16, 19, 22, 24, 26, 27, 36], "summary": {"covered_lines": 10, "num_statements": 11, "percent_covered": 90.9090909090909, "percent_covered_display": "91", "missing_lines": 1, "excluded_lines": 0, "percent_statements_covered": 90.9090909090909, "percent_statements_covered_display": "91"}, "missing_lines": [25], "excluded_lines": [], "start_line": 1}}}, "src\\myco\\circulation\\propagate.py": {"executed_lines": [18, 20, 21, 22, 24, 25, 26, 27, 28, 30, 33, 34, 37, 38, 39, 40, 41, 42, 43, 44, 45, 46, 47, 48, 51, 54, 55, 56, 59, 63, 67, 70, 77, 78, 79, 80, 81, 82, 83, 86, 102, 103, 108, 109, 110, 111, 114, 116, 117, 118, 121, 122, 126, 128, 129, 130, 131, 133, 136, 137, 138, 139, 140, 143, 144, 150, 151, 152, 153, 155, 156, 161, 162, 163, 164, 165, 166, 170, 175, 190, 191, 192, 193, 194, 195, 196, 197, 201, 202, 203, 204], "summary": {"covered_lines": 91, "num_statements": 97, "percent_covered": 93.81443298969072, "percent_covered_display": "94", "missing_lines": 6, "excluded_lines": 0, "percent_statements_covered": 93.81443298969072, "percent_statements_covered_display": "94"}, "missing_lines": [60, 64, 119, 120, 141, 142], "excluded_lines": [], "functions": {"_iter_sources": {"executed_lines": [38, 39, 40, 41, 42, 43, 44, 45, 46, 47, 48], "summary": {"covered_lines": 11, "num_statements": 11, "percent_covered": 100.0, "percent_covered_display": "100", "missing_lines": 0, "excluded_lines": 0, "percent_statements_covered": 100.0, "percent_statements_covered_display": "100"}, "missing_lines": [], "excluded_lines": [], "start_line": 37}, "_compat_warnings": {"executed_lines": [54, 55, 56, 59, 63, 67], "summary": {"covered_lines": 6, "num_statements": 8, "percent_covered": 75.0, "percent_covered_display": "75", "missing_lines": 2, "excluded_lines": 0, "percent_statements_covered": 75.0, "percent_statements_covered_display": "75"}, "missing_lines": [60, 64], "excluded_lines": [], "start_line": 51}, "_stamp_note": {"executed_lines": [77, 78, 79, 80, 81, 82, 83], "summary": {"covered_lines": 7, "num_statements": 7, "percent_covered": 100.0, "percent_covered_display": "100", "missing_lines": 0, "excluded_lines": 0, "percent_statements_covered": 100.0, "percent_statements_covered_display": "100"}, "missing_lines": [], "excluded_lines": [], "start_line": 70}, "propagate": {"executed_lines": [102, 103, 108, 109, 110, 111, 114, 116, 117, 118, 121, 122, 126, 128, 129, 130, 131, 133, 136, 137, 138, 139, 140, 143, 144, 150, 151, 152, 153, 155, 156, 161, 162, 163, 164, 165, 166, 170, 175], "summary": {"covered_lines": 39, "num_statements": 43, "percent_covered": 90.69767441860465, "percent_covered_display": "91", "missing_lines": 4, "excluded_lines": 0, "percent_statements_covered": 90.69767441860465, "percent_statements_covered_display": "91"}, "missing_lines": [119, 120, 141, 142], "excluded_lines": [], "start_line": 86}, "run": {"executed_lines": [191, 192, 193, 194, 195, 196, 197, 201, 202, 203, 204], "summary": {"covered_lines": 11, "num_statements": 11, "percent_covered": 100.0, "percent_covered_display": "100", "missing_lines": 0, "excluded_lines": 0, "percent_statements_covered": 100.0, "percent_statements_covered_display": "100"}, "missing_lines": [], "excluded_lines": [], "start_line": 190}, "": {"executed_lines": [18, 20, 21, 22, 24, 25, 26, 27, 28, 30, 33, 34, 37, 51, 70, 86, 190], "summary": {"covered_lines": 17, "num_statements": 17, "percent_covered": 100.0, "percent_covered_display": "100", "missing_lines": 0, "excluded_lines": 0, "percent_statements_covered": 100.0, "percent_statements_covered_display": "100"}, "missing_lines": [], "excluded_lines": [], "start_line": 1}}, "classes": {"": {"executed_lines": [18, 20, 21, 22, 24, 25, 26, 27, 28, 30, 33, 34, 37, 38, 39, 40, 41, 42, 43, 44, 45, 46, 47, 48, 51, 54, 55, 56, 59, 63, 67, 70, 77, 78, 79, 80, 81, 82, 83, 86, 102, 103, 108, 109, 110, 111, 114, 116, 117, 118, 121, 122, 126, 128, 129, 130, 131, 133, 136, 137, 138, 139, 140, 143, 144, 150, 151, 152, 153, 155, 156, 161, 162, 163, 164, 165, 166, 170, 175, 190, 191, 192, 193, 194, 195, 196, 197, 201, 202, 203, 204], "summary": {"covered_lines": 91, "num_statements": 97, "percent_covered": 93.81443298969072, "percent_covered_display": "94", "missing_lines": 6, "excluded_lines": 0, "percent_statements_covered": 93.81443298969072, "percent_statements_covered_display": "94"}, "missing_lines": [60, 64, 119, 120, 141, 142], "excluded_lines": [], "start_line": 1}}}, "src\\myco\\circulation\\traverse.py": {"executed_lines": [10, 12, 13, 15, 16, 18, 27, 30, 31, 34, 35, 36, 37, 38, 46, 47, 50, 51, 52, 53, 54, 55, 58, 59, 60, 61, 64, 67, 68, 69, 70, 71, 72, 73, 75, 76, 77, 78, 79, 82, 85, 86, 87, 88, 89, 90, 93, 101, 102, 103, 104, 105, 106, 107, 108, 109, 110, 111, 114, 117, 126, 129, 150, 151, 156, 157, 158, 159, 161, 176, 177, 178, 179, 180, 184, 185], "summary": {"covered_lines": 76, "num_statements": 83, "percent_covered": 91.56626506024097, "percent_covered_display": "92", "missing_lines": 7, "excluded_lines": 0, "percent_statements_covered": 91.56626506024097, "percent_statements_covered_display": "92"}, "missing_lines": [39, 40, 41, 42, 43, 112, 113], "excluded_lines": [], "functions": {"_in_scope": {"executed_lines": [35, 36, 37, 38], "summary": {"covered_lines": 4, "num_statements": 9, "percent_covered": 44.44444444444444, "percent_covered_display": "44", "missing_lines": 5, "excluded_lines": 0, "percent_statements_covered": 44.44444444444444, "percent_statements_covered_display": "44"}, "missing_lines": [39, 40, 41, 42, 43], "excluded_lines": [], "start_line": 34}, "_edge_in_scope": {"executed_lines": [47], "summary": {"covered_lines": 1, "num_statements": 1, "percent_covered": 100.0, "percent_covered_display": "100", "missing_lines": 0, "excluded_lines": 0, "percent_statements_covered": 100.0, "percent_statements_covered_display": "100"}, "missing_lines": [], "excluded_lines": [], "start_line": 46}, "_dangling": {"executed_lines": [51, 52, 53, 54, 55, 58, 59, 60, 61], "summary": {"covered_lines": 9, "num_statements": 9, "percent_covered": 100.0, "percent_covered_display": "100", "missing_lines": 0, "excluded_lines": 0, "percent_statements_covered": 100.0, "percent_statements_covered_display": "100"}, "missing_lines": [], "excluded_lines": [], "start_line": 50}, "_orphans": {"executed_lines": [67, 68, 69, 70, 71, 72, 73, 75, 76, 77, 78, 79], "summary": {"covered_lines": 12, "num_statements": 12, "percent_covered": 100.0, "percent_covered_display": "100", "missing_lines": 0, "excluded_lines": 0, "percent_statements_covered": 100.0, "percent_statements_covered_display": "100"}, "missing_lines": [], "excluded_lines": [], "start_line": 64}, "_proposals": {"executed_lines": [85, 86, 87, 88, 89, 90], "summary": {"covered_lines": 6, "num_statements": 6, "percent_covered": 100.0, "percent_covered_display": "100", "missing_lines": 0, "excluded_lines": 0, "percent_statements_covered": 100.0, "percent_statements_covered_display": "100"}, "missing_lines": [], "excluded_lines": [], "start_line": 82}, "_build_graph_with_cache_info": {"executed_lines": [101, 102, 103, 104, 105, 106, 107, 108, 109, 110, 111, 114], "summary": {"covered_lines": 12, "num_statements": 14, "percent_covered": 85.71428571428571, "percent_covered_display": "86", "missing_lines": 2, "excluded_lines": 0, "percent_statements_covered": 85.71428571428571, "percent_statements_covered_display": "86"}, "missing_lines": [112, 113], "excluded_lines": [], "start_line": 93}, "_count_src_nodes": {"executed_lines": [126], "summary": {"covered_lines": 1, "num_statements": 1, "percent_covered": 100.0, "percent_covered_display": "100", "missing_lines": 0, "excluded_lines": 0, "percent_statements_covered": 100.0, "percent_statements_covered_display": "100"}, "missing_lines": [], "excluded_lines": [], "start_line": 117}, "perfuse": {"executed_lines": [150, 151, 156, 157, 158, 159, 161], "summary": {"covered_lines": 7, "num_statements": 7, "percent_covered": 100.0, "percent_covered_display": "100", "missing_lines": 0, "excluded_lines": 0, "percent_statements_covered": 100.0, "percent_statements_covered_display": "100"}, "missing_lines": [], "excluded_lines": [], "start_line": 129}, "run": {"executed_lines": [177, 178, 179, 180, 184, 185], "summary": {"covered_lines": 6, "num_statements": 6, "percent_covered": 100.0, "percent_covered_display": "100", "missing_lines": 0, "excluded_lines": 0, "percent_statements_covered": 100.0, "percent_statements_covered_display": "100"}, "missing_lines": [], "excluded_lines": [], "start_line": 176}, "": {"executed_lines": [10, 12, 13, 15, 16, 18, 27, 30, 31, 34, 46, 50, 64, 82, 93, 117, 129, 176], "summary": {"covered_lines": 18, "num_statements": 18, "percent_covered": 100.0, "percent_covered_display": "100", "missing_lines": 0, "excluded_lines": 0, "percent_statements_covered": 100.0, "percent_statements_covered_display": "100"}, "missing_lines": [], "excluded_lines": [], "start_line": 1}}, "classes": {"": {"executed_lines": [10, 12, 13, 15, 16, 18, 27, 30, 31, 34, 35, 36, 37, 38, 46, 47, 50, 51, 52, 53, 54, 55, 58, 59, 60, 61, 64, 67, 68, 69, 70, 71, 72, 73, 75, 76, 77, 78, 79, 82, 85, 86, 87, 88, 89, 90, 93, 101, 102, 103, 104, 105, 106, 107, 108, 109, 110, 111, 114, 117, 126, 129, 150, 151, 156, 157, 158, 159, 161, 176, 177, 178, 179, 180, 184, 185], "summary": {"covered_lines": 76, "num_statements": 83, "percent_covered": 91.56626506024097, "percent_covered_display": "92", "missing_lines": 7, "excluded_lines": 0, "percent_statements_covered": 91.56626506024097, "percent_statements_covered_display": "92"}, "missing_lines": [39, 40, 41, 42, 43, 112, 113], "excluded_lines": [], "start_line": 1}}}, "src\\myco\\core\\__init__.py": {"executed_lines": [9, 11, 17, 18, 25, 26, 27, 28, 30], "summary": {"covered_lines": 9, "num_statements": 9, "percent_covered": 100.0, "percent_covered_display": "100", "missing_lines": 0, "excluded_lines": 0, "percent_statements_covered": 100.0, "percent_statements_covered_display": "100"}, "missing_lines": [], "excluded_lines": [], "functions": {"": {"executed_lines": [9, 11, 17, 18, 25, 26, 27, 28, 30], "summary": {"covered_lines": 9, "num_statements": 9, "percent_covered": 100.0, "percent_covered_display": "100", "missing_lines": 0, "excluded_lines": 0, "percent_statements_covered": 100.0, "percent_statements_covered_display": "100"}, "missing_lines": [], "excluded_lines": [], "start_line": 1}}, "classes": {"": {"executed_lines": [9, 11, 17, 18, 25, 26, 27, 28, 30], "summary": {"covered_lines": 9, "num_statements": 9, "percent_covered": 100.0, "percent_covered_display": "100", "missing_lines": 0, "excluded_lines": 0, "percent_statements_covered": 100.0, "percent_statements_covered_display": "100"}, "missing_lines": [], "excluded_lines": [], "start_line": 1}}}, "src\\myco\\core\\canon.py": {"executed_lines": [30, 32, 33, 34, 35, 37, 39, 41, 52, 66, 71, 88, 89, 90, 97, 100, 112, 113, 114, 117, 118, 119, 120, 121, 122, 123, 124, 127, 136, 153, 154, 163, 164, 165, 166, 167, 169, 170, 171, 172, 173, 174, 178, 180, 181, 183, 185, 186, 188, 189, 191, 192, 194, 197, 203, 204, 206, 207, 208, 209, 211, 212, 213, 214, 218, 219, 220, 224, 225, 226, 227, 231, 242, 243, 245, 246, 247, 249, 250, 253, 255, 256, 257, 258, 259, 260, 262, 265, 266, 267, 269, 271], "summary": {"covered_lines": 92, "num_statements": 95, "percent_covered": 96.84210526315789, "percent_covered_display": "97", "missing_lines": 3, "excluded_lines": 0, "percent_statements_covered": 96.84210526315789, "percent_statements_covered_display": "97"}, "missing_lines": [248, 261, 263], "excluded_lines": [], "functions": {"_demo_v0_to_v1": {"executed_lines": [88, 89, 90], "summary": {"covered_lines": 3, "num_statements": 3, "percent_covered": 100.0, "percent_covered_display": "100", "missing_lines": 0, "excluded_lines": 0, "percent_statements_covered": 100.0, "percent_statements_covered_display": "100"}, "missing_lines": [], "excluded_lines": [], "start_line": 71}, "_apply_upgraders": {"executed_lines": [112, 113, 114, 117, 118, 119, 120, 121, 122, 123, 124], "summary": {"covered_lines": 11, "num_statements": 11, "percent_covered": 100.0, "percent_covered_display": "100", "missing_lines": 0, "excluded_lines": 0, "percent_statements_covered": 100.0, "percent_statements_covered_display": "100"}, "missing_lines": [], "excluded_lines": [], "start_line": 100}, "Canon.substrate_id": {"executed_lines": [183], "summary": {"covered_lines": 1, "num_statements": 1, "percent_covered": 100.0, "percent_covered_display": "100", "missing_lines": 0, "excluded_lines": 0, "percent_statements_covered": 100.0, "percent_statements_covered_display": "100"}, "missing_lines": [], "excluded_lines": [], "start_line": 181}, "Canon.tags": {"executed_lines": [188, 189], "summary": {"covered_lines": 2, "num_statements": 2, "percent_covered": 100.0, "percent_covered_display": "100", "missing_lines": 0, "excluded_lines": 0, "percent_statements_covered": 100.0, "percent_statements_covered_display": "100"}, "missing_lines": [], "excluded_lines": [], "start_line": 186}, "Canon.entry_point": {"executed_lines": [194], "summary": {"covered_lines": 1, "num_statements": 1, "percent_covered": 100.0, "percent_covered_display": "100", "missing_lines": 0, "excluded_lines": 0, "percent_statements_covered": 100.0, "percent_statements_covered_display": "100"}, "missing_lines": [], "excluded_lines": [], "start_line": 192}, "load_canon": {"executed_lines": [203, 204, 206, 207, 208, 209, 211, 212, 213, 214, 218, 219, 220, 224, 225, 226, 227, 231, 242, 243, 245, 255, 256, 257, 258, 259, 260, 262, 265, 266, 267, 269, 271], "summary": {"covered_lines": 33, "num_statements": 35, "percent_covered": 94.28571428571429, "percent_covered_display": "94", "missing_lines": 2, "excluded_lines": 0, "percent_statements_covered": 94.28571428571429, "percent_statements_covered_display": "94"}, "missing_lines": [261, 263], "excluded_lines": [], "start_line": 197}, "load_canon._mapping": {"executed_lines": [246, 247, 249, 250, 253], "summary": {"covered_lines": 5, "num_statements": 6, "percent_covered": 83.33333333333333, "percent_covered_display": "83", "missing_lines": 1, "excluded_lines": 0, "percent_statements_covered": 83.33333333333333, "percent_statements_covered_display": "83"}, "missing_lines": [248], "excluded_lines": [], "start_line": 245}, "": {"executed_lines": [30, 32, 33, 34, 35, 37, 39, 41, 52, 66, 71, 97, 100, 127, 136, 153, 154, 163, 164, 165, 166, 167, 169, 170, 171, 172, 173, 174, 178, 180, 181, 185, 186, 191, 192, 197], "summary": {"covered_lines": 36, "num_statements": 36, "percent_covered": 100.0, "percent_covered_display": "100", "missing_lines": 0, "excluded_lines": 0, "percent_statements_covered": 100.0, "percent_statements_covered_display": "100"}, "missing_lines": [], "excluded_lines": [], "start_line": 1}}, "classes": {"Canon": {"executed_lines": [183, 188, 189, 194], "summary": {"covered_lines": 4, "num_statements": 4, "percent_covered": 100.0, "percent_covered_display": "100", "missing_lines": 0, "excluded_lines": 0, "percent_statements_covered": 100.0, "percent_statements_covered_display": "100"}, "missing_lines": [], "excluded_lines": [], "start_line": 154}, "": {"executed_lines": [30, 32, 33, 34, 35, 37, 39, 41, 52, 66, 71, 88, 89, 90, 97, 100, 112, 113, 114, 117, 118, 119, 120, 121, 122, 123, 124, 127, 136, 153, 154, 163, 164, 165, 166, 167, 169, 170, 171, 172, 173, 174, 178, 180, 181, 185, 186, 191, 192, 197, 203, 204, 206, 207, 208, 209, 211, 212, 213, 214, 218, 219, 220, 224, 225, 226, 227, 231, 242, 243, 245, 246, 247, 249, 250, 253, 255, 256, 257, 258, 259, 260, 262, 265, 266, 267, 269, 271], "summary": {"covered_lines": 88, "num_statements": 91, "percent_covered": 96.7032967032967, "percent_covered_display": "97", "missing_lines": 3, "excluded_lines": 0, "percent_statements_covered": 96.7032967032967, "percent_statements_covered_display": "97"}, "missing_lines": [248, 261, 263], "excluded_lines": [], "start_line": 1}}}, "src\\myco\\core\\context.py": {"executed_lines": [17, 19, 20, 21, 22, 23, 24, 26, 28, 31, 32, 40, 41, 42, 43, 44, 46, 47, 63, 64, 65, 66, 67, 76, 77, 87, 88, 89], "summary": {"covered_lines": 28, "num_statements": 28, "percent_covered": 100.0, "percent_covered_display": "100", "missing_lines": 0, "excluded_lines": 0, "percent_statements_covered": 100.0, "percent_statements_covered_display": "100"}, "missing_lines": [], "excluded_lines": [], "functions": {"MycoContext.for_testing": {"executed_lines": [63, 64, 65, 66, 67], "summary": {"covered_lines": 5, "num_statements": 5, "percent_covered": 100.0, "percent_covered_display": "100", "missing_lines": 0, "excluded_lines": 0, "percent_statements_covered": 100.0, "percent_statements_covered_display": "100"}, "missing_lines": [], "excluded_lines": [], "start_line": 47}, "": {"executed_lines": [17, 19, 20, 21, 22, 23, 24, 26, 28, 31, 32, 40, 41, 42, 43, 44, 46, 47, 76, 77, 87, 88, 89], "summary": {"covered_lines": 23, "num_statements": 23, "percent_covered": 100.0, "percent_covered_display": "100", "missing_lines": 0, "excluded_lines": 0, "percent_statements_covered": 100.0, "percent_statements_covered_display": "100"}, "missing_lines": [], "excluded_lines": [], "start_line": 1}}, "classes": {"MycoContext": {"executed_lines": [63, 64, 65, 66, 67], "summary": {"covered_lines": 5, "num_statements": 5, "percent_covered": 100.0, "percent_covered_display": "100", "missing_lines": 0, "excluded_lines": 0, "percent_statements_covered": 100.0, "percent_statements_covered_display": "100"}, "missing_lines": [], "excluded_lines": [], "start_line": 32}, "Result": {"executed_lines": [], "summary": {"covered_lines": 0, "num_statements": 0, "percent_covered": 100.0, "percent_covered_display": "100", "missing_lines": 0, "excluded_lines": 0, "percent_statements_covered": 100.0, "percent_statements_covered_display": "100"}, "missing_lines": [], "excluded_lines": [], "start_line": 77}, "": {"executed_lines": [17, 19, 20, 21, 22, 23, 24, 26, 28, 31, 32, 40, 41, 42, 43, 44, 46, 47, 76, 77, 87, 88, 89], "summary": {"covered_lines": 23, "num_statements": 23, "percent_covered": 100.0, "percent_covered_display": "100", "missing_lines": 0, "excluded_lines": 0, "percent_statements_covered": 100.0, "percent_statements_covered_display": "100"}, "missing_lines": [], "excluded_lines": [], "start_line": 1}}}, "src\\myco\\core\\errors.py": {"executed_lines": [13, 15, 24, 32, 35, 43, 46, 49, 52, 55, 58, 61], "summary": {"covered_lines": 12, "num_statements": 12, "percent_covered": 100.0, "percent_covered_display": "100", "missing_lines": 0, "excluded_lines": 0, "percent_statements_covered": 100.0, "percent_statements_covered_display": "100"}, "missing_lines": [], "excluded_lines": [], "functions": {"": {"executed_lines": [13, 15, 24, 32, 35, 43, 46, 49, 52, 55, 58, 61], "summary": {"covered_lines": 12, "num_statements": 12, "percent_covered": 100.0, "percent_covered_display": "100", "missing_lines": 0, "excluded_lines": 0, "percent_statements_covered": 100.0, "percent_statements_covered_display": "100"}, "missing_lines": [], "excluded_lines": [], "start_line": 1}}, "classes": {"MycoError": {"executed_lines": [], "summary": {"covered_lines": 0, "num_statements": 0, "percent_covered": 100.0, "percent_covered_display": "100", "missing_lines": 0, "excluded_lines": 0, "percent_statements_covered": 100.0, "percent_statements_covered_display": "100"}, "missing_lines": [], "excluded_lines": [], "start_line": 24}, "ContractError": {"executed_lines": [], "summary": {"covered_lines": 0, "num_statements": 0, "percent_covered": 100.0, "percent_covered_display": "100", "missing_lines": 0, "excluded_lines": 0, "percent_statements_covered": 100.0, "percent_statements_covered_display": "100"}, "missing_lines": [], "excluded_lines": [], "start_line": 35}, "CanonSchemaError": {"executed_lines": [], "summary": {"covered_lines": 0, "num_statements": 0, "percent_covered": 100.0, "percent_covered_display": "100", "missing_lines": 0, "excluded_lines": 0, "percent_statements_covered": 100.0, "percent_statements_covered_display": "100"}, "missing_lines": [], "excluded_lines": [], "start_line": 46}, "SubstrateNotFound": {"executed_lines": [], "summary": {"covered_lines": 0, "num_statements": 0, "percent_covered": 100.0, "percent_covered_display": "100", "missing_lines": 0, "excluded_lines": 0, "percent_statements_covered": 100.0, "percent_statements_covered_display": "100"}, "missing_lines": [], "excluded_lines": [], "start_line": 52}, "UsageError": {"executed_lines": [], "summary": {"covered_lines": 0, "num_statements": 0, "percent_covered": 100.0, "percent_covered_display": "100", "missing_lines": 0, "excluded_lines": 0, "percent_statements_covered": 100.0, "percent_statements_covered_display": "100"}, "missing_lines": [], "excluded_lines": [], "start_line": 58}, "": {"executed_lines": [13, 15, 24, 32, 35, 43, 46, 49, 52, 55, 58, 61], "summary": {"covered_lines": 12, "num_statements": 12, "percent_covered": 100.0, "percent_covered_display": "100", "missing_lines": 0, "excluded_lines": 0, "percent_statements_covered": 100.0, "percent_statements_covered_display": "100"}, "missing_lines": [], "excluded_lines": [], "start_line": 1}}}, "src\\myco\\core\\io.py": {"executed_lines": [6, 8, 11, 19, 20, 21, 22, 23, 24, 25, 27], "summary": {"covered_lines": 11, "num_statements": 11, "percent_covered": 100.0, "percent_covered_display": "100", "missing_lines": 0, "excluded_lines": 0, "percent_statements_covered": 100.0, "percent_statements_covered_display": "100"}, "missing_lines": [], "excluded_lines": [], "functions": {"ensure_utf8_stdio": {"executed_lines": [19, 20, 21, 22, 23, 24, 25, 27], "summary": {"covered_lines": 8, "num_statements": 8, "percent_covered": 100.0, "percent_covered_display": "100", "missing_lines": 0, "excluded_lines": 0, "percent_statements_covered": 100.0, "percent_statements_covered_display": "100"}, "missing_lines": [], "excluded_lines": [], "start_line": 11}, "": {"executed_lines": [6, 8, 11], "summary": {"covered_lines": 3, "num_statements": 3, "percent_covered": 100.0, "percent_covered_display": "100", "missing_lines": 0, "excluded_lines": 0, "percent_statements_covered": 100.0, "percent_statements_covered_display": "100"}, "missing_lines": [], "excluded_lines": [], "start_line": 1}}, "classes": {"": {"executed_lines": [6, 8, 11, 19, 20, 21, 22, 23, 24, 25, 27], "summary": {"covered_lines": 11, "num_statements": 11, "percent_covered": 100.0, "percent_covered_display": "100", "missing_lines": 0, "excluded_lines": 0, "percent_statements_covered": 100.0, "percent_statements_covered_display": "100"}, "missing_lines": [], "excluded_lines": [], "start_line": 1}}}, "src\\myco\\core\\paths.py": {"executed_lines": [6, 8, 9, 11, 14, 15, 22, 24, 25, 27, 29, 30, 32, 34, 35, 37, 39, 40, 42, 44, 45, 47, 49, 50, 52, 54, 55, 64, 66, 67, 74, 81, 82, 84, 86, 87, 89, 91, 92, 94], "summary": {"covered_lines": 40, "num_statements": 40, "percent_covered": 100.0, "percent_covered_display": "100", "missing_lines": 0, "excluded_lines": 0, "percent_statements_covered": 100.0, "percent_statements_covered_display": "100"}, "missing_lines": [], "excluded_lines": [], "functions": {"SubstratePaths.canon": {"executed_lines": [27], "summary": {"covered_lines": 1, "num_statements": 1, "percent_covered": 100.0, "percent_covered_display": "100", "missing_lines": 0, "excluded_lines": 0, "percent_statements_covered": 100.0, "percent_statements_covered_display": "100"}, "missing_lines": [], "excluded_lines": [], "start_line": 25}, "SubstratePaths.notes": {"executed_lines": [32], "summary": {"covered_lines": 1, "num_statements": 1, "percent_covered": 100.0, "percent_covered_display": "100", "missing_lines": 0, "excluded_lines": 0, "percent_statements_covered": 100.0, "percent_statements_covered_display": "100"}, "missing_lines": [], "excluded_lines": [], "start_line": 30}, "SubstratePaths.docs": {"executed_lines": [37], "summary": {"covered_lines": 1, "num_statements": 1, "percent_covered": 100.0, "percent_covered_display": "100", "missing_lines": 0, "excluded_lines": 0, "percent_statements_covered": 100.0, "percent_statements_covered_display": "100"}, "missing_lines": [], "excluded_lines": [], "start_line": 35}, "SubstratePaths.state": {"executed_lines": [42], "summary": {"covered_lines": 1, "num_statements": 1, "percent_covered": 100.0, "percent_covered_display": "100", "missing_lines": 0, "excluded_lines": 0, "percent_statements_covered": 100.0, "percent_statements_covered_display": "100"}, "missing_lines": [], "excluded_lines": [], "start_line": 40}, "SubstratePaths.autoseeded_marker": {"executed_lines": [47], "summary": {"covered_lines": 1, "num_statements": 1, "percent_covered": 100.0, "percent_covered_display": "100", "missing_lines": 0, "excluded_lines": 0, "percent_statements_covered": 100.0, "percent_statements_covered_display": "100"}, "missing_lines": [], "excluded_lines": [], "start_line": 45}, "SubstratePaths.boot_brief": {"executed_lines": [52], "summary": {"covered_lines": 1, "num_statements": 1, "percent_covered": 100.0, "percent_covered_display": "100", "missing_lines": 0, "excluded_lines": 0, "percent_statements_covered": 100.0, "percent_statements_covered_display": "100"}, "missing_lines": [], "excluded_lines": [], "start_line": 50}, "SubstratePaths.graph_cache": {"executed_lines": [64], "summary": {"covered_lines": 1, "num_statements": 1, "percent_covered": 100.0, "percent_covered_display": "100", "missing_lines": 0, "excluded_lines": 0, "percent_statements_covered": 100.0, "percent_statements_covered_display": "100"}, "missing_lines": [], "excluded_lines": [], "start_line": 55}, "SubstratePaths.entry_point": {"executed_lines": [74], "summary": {"covered_lines": 1, "num_statements": 1, "percent_covered": 100.0, "percent_covered_display": "100", "missing_lines": 0, "excluded_lines": 0, "percent_statements_covered": 100.0, "percent_statements_covered_display": "100"}, "missing_lines": [], "excluded_lines": [], "start_line": 67}, "SubstratePaths.local_plugins_dir": {"executed_lines": [84], "summary": {"covered_lines": 1, "num_statements": 1, "percent_covered": 100.0, "percent_covered_display": "100", "missing_lines": 0, "excluded_lines": 0, "percent_statements_covered": 100.0, "percent_statements_covered_display": "100"}, "missing_lines": [], "excluded_lines": [], "start_line": 82}, "SubstratePaths.local_plugins_init": {"executed_lines": [89], "summary": {"covered_lines": 1, "num_statements": 1, "percent_covered": 100.0, "percent_covered_display": "100", "missing_lines": 0, "excluded_lines": 0, "percent_statements_covered": 100.0, "percent_statements_covered_display": "100"}, "missing_lines": [], "excluded_lines": [], "start_line": 87}, "SubstratePaths.manifest_overlay": {"executed_lines": [94], "summary": {"covered_lines": 1, "num_statements": 1, "percent_covered": 100.0, "percent_covered_display": "100", "missing_lines": 0, "excluded_lines": 0, "percent_statements_covered": 100.0, "percent_statements_covered_display": "100"}, "missing_lines": [], "excluded_lines": [], "start_line": 92}, "": {"executed_lines": [6, 8, 9, 11, 14, 15, 22, 24, 25, 29, 30, 34, 35, 39, 40, 44, 45, 49, 50, 54, 55, 66, 67, 81, 82, 86, 87, 91, 92], "summary": {"covered_lines": 29, "num_statements": 29, "percent_covered": 100.0, "percent_covered_display": "100", "missing_lines": 0, "excluded_lines": 0, "percent_statements_covered": 100.0, "percent_statements_covered_display": "100"}, "missing_lines": [], "excluded_lines": [], "start_line": 1}}, "classes": {"SubstratePaths": {"executed_lines": [27, 32, 37, 42, 47, 52, 64, 74, 84, 89, 94], "summary": {"covered_lines": 11, "num_statements": 11, "percent_covered": 100.0, "percent_covered_display": "100", "missing_lines": 0, "excluded_lines": 0, "percent_statements_covered": 100.0, "percent_statements_covered_display": "100"}, "missing_lines": [], "excluded_lines": [], "start_line": 15}, "": {"executed_lines": [6, 8, 9, 11, 14, 15, 22, 24, 25, 29, 30, 34, 35, 39, 40, 44, 45, 49, 50, 54, 55, 66, 67, 81, 82, 86, 87, 91, 92], "summary": {"covered_lines": 29, "num_statements": 29, "percent_covered": 100.0, "percent_covered_display": "100", "missing_lines": 0, "excluded_lines": 0, "percent_statements_covered": 100.0, "percent_statements_covered_display": "100"}, "missing_lines": [], "excluded_lines": [], "start_line": 1}}}, "src\\myco\\core\\severity.py": {"executed_lines": [16, 18, 20, 23, 26, 27, 28, 29, 31, 32, 34, 35, 36, 37, 39, 41, 44, 51], "summary": {"covered_lines": 18, "num_statements": 18, "percent_covered": 100.0, "percent_covered_display": "100", "missing_lines": 0, "excluded_lines": 0, "percent_statements_covered": 100.0, "percent_statements_covered_display": "100"}, "missing_lines": [], "excluded_lines": [], "functions": {"Severity.from_name": {"executed_lines": [34, 35, 36, 37], "summary": {"covered_lines": 4, "num_statements": 4, "percent_covered": 100.0, "percent_covered_display": "100", "missing_lines": 0, "excluded_lines": 0, "percent_statements_covered": 100.0, "percent_statements_covered_display": "100"}, "missing_lines": [], "excluded_lines": [], "start_line": 32}, "Severity.label": {"executed_lines": [41], "summary": {"covered_lines": 1, "num_statements": 1, "percent_covered": 100.0, "percent_covered_display": "100", "missing_lines": 0, "excluded_lines": 0, "percent_statements_covered": 100.0, "percent_statements_covered_display": "100"}, "missing_lines": [], "excluded_lines": [], "start_line": 39}, "downgrade": {"executed_lines": [51], "summary": {"covered_lines": 1, "num_statements": 1, "percent_covered": 100.0, "percent_covered_display": "100", "missing_lines": 0, "excluded_lines": 0, "percent_statements_covered": 100.0, "percent_statements_covered_display": "100"}, "missing_lines": [], "excluded_lines": [], "start_line": 44}, "": {"executed_lines": [16, 18, 20, 23, 26, 27, 28, 29, 31, 32, 39, 44], "summary": {"covered_lines": 12, "num_statements": 12, "percent_covered": 100.0, "percent_covered_display": "100", "missing_lines": 0, "excluded_lines": 0, "percent_statements_covered": 100.0, "percent_statements_covered_display": "100"}, "missing_lines": [], "excluded_lines": [], "start_line": 1}}, "classes": {"Severity": {"executed_lines": [34, 35, 36, 37, 41], "summary": {"covered_lines": 5, "num_statements": 5, "percent_covered": 100.0, "percent_covered_display": "100", "missing_lines": 0, "excluded_lines": 0, "percent_statements_covered": 100.0, "percent_statements_covered_display": "100"}, "missing_lines": [], "excluded_lines": [], "start_line": 23}, "": {"executed_lines": [16, 18, 20, 23, 26, 27, 28, 29, 31, 32, 39, 44, 51], "summary": {"covered_lines": 13, "num_statements": 13, "percent_covered": 100.0, "percent_covered_display": "100", "missing_lines": 0, "excluded_lines": 0, "percent_statements_covered": 100.0, "percent_statements_covered_display": "100"}, "missing_lines": [], "excluded_lines": [], "start_line": 1}}}, "src\\myco\\core\\substrate.py": {"executed_lines": [16, 18, 19, 20, 21, 22, 23, 25, 26, 27, 29, 37, 48, 49, 50, 51, 52, 53, 54, 55, 56, 58, 59, 60, 61, 64, 65, 67, 72, 73, 80, 81, 82, 89, 92, 101, 103, 107, 108, 111, 114, 140, 141, 142, 143, 147, 150, 152, 155, 160, 161, 162, 163, 164, 166, 167, 172, 180, 181, 182, 183, 212, 217, 218, 221, 222, 223, 227, 231, 235, 237, 238, 246, 247, 248, 249, 252, 253, 254, 263, 264, 266, 267, 269, 270, 277], "summary": {"covered_lines": 86, "num_statements": 104, "percent_covered": 82.6923076923077, "percent_covered_display": "83", "missing_lines": 18, "excluded_lines": 0, "percent_statements_covered": 82.6923076923077, "percent_statements_covered_display": "83"}, "missing_lines": [148, 156, 173, 184, 187, 188, 189, 190, 191, 192, 193, 200, 201, 202, 203, 204, 205, 206], "excluded_lines": [], "functions": {"find_substrate_root": {"executed_lines": [48, 49, 50, 51, 52, 53, 54, 55, 56, 58, 59, 60, 61, 64, 65, 67], "summary": {"covered_lines": 16, "num_statements": 16, "percent_covered": 100.0, "percent_covered_display": "100", "missing_lines": 0, "excluded_lines": 0, "percent_statements_covered": 100.0, "percent_statements_covered_display": "100"}, "missing_lines": [], "excluded_lines": [], "start_line": 37}, "_substrate_plugin_module_name": {"executed_lines": [101, 103, 107, 108, 111], "summary": {"covered_lines": 5, "num_statements": 5, "percent_covered": 100.0, "percent_covered_display": "100", "missing_lines": 0, "excluded_lines": 0, "percent_statements_covered": 100.0, "percent_statements_covered_display": "100"}, "missing_lines": [], "excluded_lines": [], "start_line": 92}, "load_local_plugins": {"executed_lines": [140, 141, 142, 143, 147, 150, 152, 155, 160, 161, 162, 163, 164, 166, 167, 172, 180, 181, 182, 183, 212], "summary": {"covered_lines": 21, "num_statements": 39, "percent_covered": 53.84615384615385, "percent_covered_display": "54", "missing_lines": 18, "excluded_lines": 0, "percent_statements_covered": 53.84615384615385, "percent_statements_covered_display": "54"}, "missing_lines": [148, 156, 173, 184, 187, 188, 189, 190, 191, 192, 193, 200, 201, 202, 203, 204, 205, 206], "excluded_lines": [], "start_line": 114}, "Substrate.load": {"executed_lines": [246, 247, 248, 249, 252, 253, 254], "summary": {"covered_lines": 7, "num_statements": 7, "percent_covered": 100.0, "percent_covered_display": "100", "missing_lines": 0, "excluded_lines": 0, "percent_statements_covered": 100.0, "percent_statements_covered_display": "100"}, "missing_lines": [], "excluded_lines": [], "start_line": 238}, "Substrate.discover": {"executed_lines": [266, 267], "summary": {"covered_lines": 2, "num_statements": 2, "percent_covered": 100.0, "percent_covered_display": "100", "missing_lines": 0, "excluded_lines": 0, "percent_statements_covered": 100.0, "percent_statements_covered_display": "100"}, "missing_lines": [], "excluded_lines": [], "start_line": 264}, "Substrate.is_skeleton": {"executed_lines": [277], "summary": {"covered_lines": 1, "num_statements": 1, "percent_covered": 100.0, "percent_covered_display": "100", "missing_lines": 0, "excluded_lines": 0, "percent_statements_covered": 100.0, "percent_statements_covered_display": "100"}, "missing_lines": [], "excluded_lines": [], "start_line": 270}, "": {"executed_lines": [16, 18, 19, 20, 21, 22, 23, 25, 26, 27, 29, 37, 72, 73, 80, 81, 82, 89, 92, 114, 217, 218, 221, 222, 223, 227, 231, 235, 237, 238, 263, 264, 269, 270], "summary": {"covered_lines": 34, "num_statements": 34, "percent_covered": 100.0, "percent_covered_display": "100", "missing_lines": 0, "excluded_lines": 0, "percent_statements_covered": 100.0, "percent_statements_covered_display": "100"}, "missing_lines": [], "excluded_lines": [], "start_line": 1}}, "classes": {"LocalPluginLoadResult": {"executed_lines": [], "summary": {"covered_lines": 0, "num_statements": 0, "percent_covered": 100.0, "percent_covered_display": "100", "missing_lines": 0, "excluded_lines": 0, "percent_statements_covered": 100.0, "percent_statements_covered_display": "100"}, "missing_lines": [], "excluded_lines": [], "start_line": 73}, "Substrate": {"executed_lines": [246, 247, 248, 249, 252, 253, 254, 266, 267, 277], "summary": {"covered_lines": 10, "num_statements": 10, "percent_covered": 100.0, "percent_covered_display": "100", "missing_lines": 0, "excluded_lines": 0, "percent_statements_covered": 100.0, "percent_statements_covered_display": "100"}, "missing_lines": [], "excluded_lines": [], "start_line": 218}, "": {"executed_lines": [16, 18, 19, 20, 21, 22, 23, 25, 26, 27, 29, 37, 48, 49, 50, 51, 52, 53, 54, 55, 56, 58, 59, 60, 61, 64, 65, 67, 72, 73, 80, 81, 82, 89, 92, 101, 103, 107, 108, 111, 114, 140, 141, 142, 143, 147, 150, 152, 155, 160, 161, 162, 163, 164, 166, 167, 172, 180, 181, 182, 183, 212, 217, 218, 221, 222, 223, 227, 231, 235, 237, 238, 263, 264, 269, 270], "summary": {"covered_lines": 76, "num_statements": 94, "percent_covered": 80.85106382978724, "percent_covered_display": "81", "missing_lines": 18, "excluded_lines": 0, "percent_statements_covered": 80.85106382978724, "percent_statements_covered_display": "81"}, "missing_lines": [148, 156, 173, 184, 187, 188, 189, 190, 191, 192, 193, 200, 201, 202, 203, 204, 205, 206], "excluded_lines": [], "start_line": 1}}}, "src\\myco\\core\\version.py": {"executed_lines": [11, 13, 14, 15, 17, 20, 24, 30, 31, 41, 42, 43, 44, 45, 47, 49, 50, 51, 52, 53, 56, 57, 58, 60, 61, 76, 77, 86, 87, 88, 91, 92, 94, 96, 97, 98, 99, 100, 103, 104], "summary": {"covered_lines": 40, "num_statements": 40, "percent_covered": 100.0, "percent_covered_display": "100", "missing_lines": 0, "excluded_lines": 8, "percent_statements_covered": 100.0, "percent_statements_covered_display": "100"}, "missing_lines": [], "excluded_lines": [69, 70, 71, 72, 73, 112, 113, 114], "functions": {"PackageVersion.parse": {"executed_lines": [51, 52, 53, 56, 57, 58, 60, 61], "summary": {"covered_lines": 8, "num_statements": 8, "percent_covered": 100.0, "percent_covered_display": "100", "missing_lines": 0, "excluded_lines": 0, "percent_statements_covered": 100.0, "percent_statements_covered_display": "100"}, "missing_lines": [], "excluded_lines": [], "start_line": 50}, "PackageVersion.__str__": {"executed_lines": [], "summary": {"covered_lines": 0, "num_statements": 0, "percent_covered": 100.0, "percent_covered_display": "100", "missing_lines": 0, "excluded_lines": 4, "percent_statements_covered": 100.0, "percent_statements_covered_display": "100"}, "missing_lines": [], "excluded_lines": [70, 71, 72, 73], "start_line": 69}, "ContractVersion.parse": {"executed_lines": [98, 99, 100, 103, 104], "summary": {"covered_lines": 5, "num_statements": 5, "percent_covered": 100.0, "percent_covered_display": "100", "missing_lines": 0, "excluded_lines": 0, "percent_statements_covered": 100.0, "percent_statements_covered_display": "100"}, "missing_lines": [], "excluded_lines": [], "start_line": 97}, "ContractVersion.__str__": {"executed_lines": [], "summary": {"covered_lines": 0, "num_statements": 0, "percent_covered": 100.0, "percent_covered_display": "100", "missing_lines": 0, "excluded_lines": 2, "percent_statements_covered": 100.0, "percent_statements_covered_display": "100"}, "missing_lines": [], "excluded_lines": [113, 114], "start_line": 112}, "": {"executed_lines": [11, 13, 14, 15, 17, 20, 24, 30, 31, 41, 42, 43, 44, 45, 47, 49, 50, 76, 77, 86, 87, 88, 91, 92, 94, 96, 97], "summary": {"covered_lines": 27, "num_statements": 27, "percent_covered": 100.0, "percent_covered_display": "100", "missing_lines": 0, "excluded_lines": 2, "percent_statements_covered": 100.0, "percent_statements_covered_display": "100"}, "missing_lines": [], "excluded_lines": [69, 112], "start_line": 1}}, "classes": {"PackageVersion": {"executed_lines": [51, 52, 53, 56, 57, 58, 60, 61], "summary": {"covered_lines": 8, "num_statements": 8, "percent_covered": 100.0, "percent_covered_display": "100", "missing_lines": 0, "excluded_lines": 4, "percent_statements_covered": 100.0, "percent_statements_covered_display": "100"}, "missing_lines": [], "excluded_lines": [70, 71, 72, 73], "start_line": 31}, "ContractVersion": {"executed_lines": [98, 99, 100, 103, 104], "summary": {"covered_lines": 5, "num_statements": 5, "percent_covered": 100.0, "percent_covered_display": "100", "missing_lines": 0, "excluded_lines": 2, "percent_statements_covered": 100.0, "percent_statements_covered_display": "100"}, "missing_lines": [], "excluded_lines": [113, 114], "start_line": 77}, "": {"executed_lines": [11, 13, 14, 15, 17, 20, 24, 30, 31, 41, 42, 43, 44, 45, 47, 49, 50, 76, 77, 86, 87, 88, 91, 92, 94, 96, 97], "summary": {"covered_lines": 27, "num_statements": 27, "percent_covered": 100.0, "percent_covered_display": "100", "missing_lines": 0, "excluded_lines": 2, "percent_statements_covered": 100.0, "percent_statements_covered_display": "100"}, "missing_lines": [], "excluded_lines": [69, 112], "start_line": 1}}}, "src\\myco\\cycle\\__init__.py": {"executed_lines": [27, 29, 31], "summary": {"covered_lines": 3, "num_statements": 3, "percent_covered": 100.0, "percent_covered_display": "100", "missing_lines": 0, "excluded_lines": 0, "percent_statements_covered": 100.0, "percent_statements_covered_display": "100"}, "missing_lines": [], "excluded_lines": [], "functions": {"": {"executed_lines": [27, 29, 31], "summary": {"covered_lines": 3, "num_statements": 3, "percent_covered": 100.0, "percent_covered_display": "100", "missing_lines": 0, "excluded_lines": 0, "percent_statements_covered": 100.0, "percent_statements_covered_display": "100"}, "missing_lines": [], "excluded_lines": [], "start_line": 1}}, "classes": {"": {"executed_lines": [27, 29, 31], "summary": {"covered_lines": 3, "num_statements": 3, "percent_covered": 100.0, "percent_covered_display": "100", "missing_lines": 0, "excluded_lines": 0, "percent_statements_covered": 100.0, "percent_statements_covered_display": "100"}, "missing_lines": [], "excluded_lines": [], "start_line": 1}}}, "src\\myco\\cycle\\brief.py": {"executed_lines": [31, 33, 34, 35, 37, 39, 42, 43, 44, 54, 55, 57, 58, 61, 68, 69, 71, 72, 83, 84, 85, 94, 102, 103, 104, 105, 106, 107, 108, 109, 110, 111, 114, 115, 116, 117, 145, 147, 148, 149, 150, 152, 155, 156, 158, 161, 162, 164, 167, 168, 173, 174, 175, 176, 179, 186, 192, 194, 195, 196, 197, 201, 202, 205, 206, 209, 213, 217, 218, 221, 224, 226, 227, 228, 229, 230, 231, 232, 234, 235, 236, 237, 238, 241, 242, 243, 244, 245, 249, 250, 251, 252, 255, 256, 257, 258, 259, 261, 262, 263, 264, 267, 268, 269, 270, 274, 275, 276, 279, 282, 283, 284, 285, 291, 294, 295, 296, 300, 303, 304, 305, 310, 311, 314, 315, 316, 317, 318, 319, 324, 327, 328, 329, 330, 331, 333, 336, 341, 342, 344, 353, 356, 357], "summary": {"covered_lines": 143, "num_statements": 183, "percent_covered": 78.14207650273224, "percent_covered_display": "78", "missing_lines": 40, "excluded_lines": 0, "percent_statements_covered": 78.14207650273224, "percent_statements_covered_display": "78"}, "missing_lines": [75, 76, 118, 119, 120, 121, 124, 125, 126, 127, 128, 129, 130, 131, 132, 133, 134, 135, 142, 153, 154, 159, 160, 165, 166, 177, 178, 198, 210, 214, 246, 260, 290, 306, 307, 308, 320, 321, 322, 323], "excluded_lines": [], "functions": {"_identity_section": {"executed_lines": [43, 44], "summary": {"covered_lines": 2, "num_statements": 2, "percent_covered": 100.0, "percent_covered_display": "100", "missing_lines": 0, "excluded_lines": 0, "percent_statements_covered": 100.0, "percent_statements_covered_display": "100"}, "missing_lines": [], "excluded_lines": [], "start_line": 42}, "_hunger_section": {"executed_lines": [55, 57, 58], "summary": {"covered_lines": 3, "num_statements": 3, "percent_covered": 100.0, "percent_covered_display": "100", "missing_lines": 0, "excluded_lines": 0, "percent_statements_covered": 100.0, "percent_statements_covered_display": "100"}, "missing_lines": [], "excluded_lines": [], "start_line": 54}, "_immune_section": {"executed_lines": [68, 69, 71, 72, 83, 84, 85, 94], "summary": {"covered_lines": 8, "num_statements": 10, "percent_covered": 80.0, "percent_covered_display": "80", "missing_lines": 2, "excluded_lines": 0, "percent_statements_covered": 80.0, "percent_statements_covered_display": "80"}, "missing_lines": [75, 76], "excluded_lines": [], "start_line": 61}, "_notes_section": {"executed_lines": [103, 104, 105, 106, 107, 108, 109, 110, 111], "summary": {"covered_lines": 9, "num_statements": 9, "percent_covered": 100.0, "percent_covered_display": "100", "missing_lines": 0, "excluded_lines": 0, "percent_statements_covered": 100.0, "percent_statements_covered_display": "100"}, "missing_lines": [], "excluded_lines": [], "start_line": 102}, "_primordia_section": {"executed_lines": [115, 116, 117], "summary": {"covered_lines": 3, "num_statements": 20, "percent_covered": 15.0, "percent_covered_display": "15", "missing_lines": 17, "excluded_lines": 0, "percent_statements_covered": 15.0, "percent_statements_covered_display": "15"}, "missing_lines": [118, 119, 120, 121, 124, 125, 126, 127, 128, 129, 130, 131, 132, 133, 134, 135, 142], "excluded_lines": [], "start_line": 114}, "_local_plugins_section": {"executed_lines": [147, 148, 149, 150, 152, 155, 156, 158, 161, 162, 164, 167, 168, 173, 174, 175, 176, 179], "summary": {"covered_lines": 18, "num_statements": 26, "percent_covered": 69.23076923076923, "percent_covered_display": "69", "missing_lines": 8, "excluded_lines": 0, "percent_statements_covered": 69.23076923076923, "percent_statements_covered_display": "69"}, "missing_lines": [153, 154, 159, 160, 165, 166, 177, 178], "excluded_lines": [], "start_line": 145}, "_suggest_next": {"executed_lines": [192, 194, 195, 196, 197, 201, 202, 205, 206, 209, 213, 217, 218, 221], "summary": {"covered_lines": 14, "num_statements": 17, "percent_covered": 82.3529411764706, "percent_covered_display": "82", "missing_lines": 3, "excluded_lines": 0, "percent_statements_covered": 82.3529411764706, "percent_statements_covered_display": "82"}, "missing_lines": [198, 210, 214], "excluded_lines": [], "start_line": 186}, "_render_markdown": {"executed_lines": [226, 227, 228, 229, 230, 231, 232, 234, 235, 236, 237, 238, 241, 242, 243, 244, 245, 249, 250, 251, 252, 255, 256, 257, 258, 259, 261, 262, 263, 264, 267, 268, 269, 270, 274, 275, 276, 279, 282, 283, 284, 285, 291, 294, 295, 296, 300, 303, 304, 305, 310, 311, 314, 315, 316, 317, 318, 319, 324, 327, 328, 329, 330, 331, 333], "summary": {"covered_lines": 65, "num_statements": 75, "percent_covered": 86.66666666666667, "percent_covered_display": "87", "missing_lines": 10, "excluded_lines": 0, "percent_statements_covered": 86.66666666666667, "percent_statements_covered_display": "87"}, "missing_lines": [246, 260, 290, 306, 307, 308, 320, 321, 322, 323], "excluded_lines": [], "start_line": 224}, "run": {"executed_lines": [341, 342, 344, 353, 356, 357], "summary": {"covered_lines": 6, "num_statements": 6, "percent_covered": 100.0, "percent_covered_display": "100", "missing_lines": 0, "excluded_lines": 0, "percent_statements_covered": 100.0, "percent_statements_covered_display": "100"}, "missing_lines": [], "excluded_lines": [], "start_line": 336}, "": {"executed_lines": [31, 33, 34, 35, 37, 39, 42, 54, 61, 102, 114, 145, 186, 224, 336], "summary": {"covered_lines": 15, "num_statements": 15, "percent_covered": 100.0, "percent_covered_display": "100", "missing_lines": 0, "excluded_lines": 0, "percent_statements_covered": 100.0, "percent_statements_covered_display": "100"}, "missing_lines": [], "excluded_lines": [], "start_line": 1}}, "classes": {"": {"executed_lines": [31, 33, 34, 35, 37, 39, 42, 43, 44, 54, 55, 57, 58, 61, 68, 69, 71, 72, 83, 84, 85, 94, 102, 103, 104, 105, 106, 107, 108, 109, 110, 111, 114, 115, 116, 117, 145, 147, 148, 149, 150, 152, 155, 156, 158, 161, 162, 164, 167, 168, 173, 174, 175, 176, 179, 186, 192, 194, 195, 196, 197, 201, 202, 205, 206, 209, 213, 217, 218, 221, 224, 226, 227, 228, 229, 230, 231, 232, 234, 235, 236, 237, 238, 241, 242, 243, 244, 245, 249, 250, 251, 252, 255, 256, 257, 258, 259, 261, 262, 263, 264, 267, 268, 269, 270, 274, 275, 276, 279, 282, 283, 284, 285, 291, 294, 295, 296, 300, 303, 304, 305, 310, 311, 314, 315, 316, 317, 318, 319, 324, 327, 328, 329, 330, 331, 333, 336, 341, 342, 344, 353, 356, 357], "summary": {"covered_lines": 143, "num_statements": 183, "percent_covered": 78.14207650273224, "percent_covered_display": "78", "missing_lines": 40, "excluded_lines": 0, "percent_statements_covered": 78.14207650273224, "percent_statements_covered_display": "78"}, "missing_lines": [75, 76, 118, 119, 120, 121, 124, 125, 126, 127, 128, 129, 130, 131, 132, 133, 134, 135, 142, 153, 154, 159, 160, 165, 166, 177, 178, 198, 210, 214, 246, 260, 290, 306, 307, 308, 320, 321, 322, 323], "excluded_lines": [], "start_line": 1}}}, "src\\myco\\cycle\\fruit.py": {"executed_lines": [22, 24, 25, 26, 27, 28, 30, 31, 33, 36, 39, 46, 48, 50, 51, 56, 61, 64, 66, 69, 70, 77, 78, 79, 80, 82, 83, 84, 86, 87, 89, 90, 91, 92, 97, 98, 105, 107], "summary": {"covered_lines": 38, "num_statements": 39, "percent_covered": 97.43589743589743, "percent_covered_display": "97", "missing_lines": 1, "excluded_lines": 0, "percent_statements_covered": 97.43589743589743, "percent_statements_covered_display": "97"}, "missing_lines": [57], "excluded_lines": [], "functions": {"_slugify": {"executed_lines": [46, 48, 50, 51, 56, 61], "summary": {"covered_lines": 6, "num_statements": 7, "percent_covered": 85.71428571428571, "percent_covered_display": "86", "missing_lines": 1, "excluded_lines": 0, "percent_statements_covered": 85.71428571428571, "percent_statements_covered_display": "86"}, "missing_lines": [57], "excluded_lines": [], "start_line": 39}, "_title_case": {"executed_lines": [66], "summary": {"covered_lines": 1, "num_statements": 1, "percent_covered": 100.0, "percent_covered_display": "100", "missing_lines": 0, "excluded_lines": 0, "percent_statements_covered": 100.0, "percent_statements_covered_display": "100"}, "missing_lines": [], "excluded_lines": [], "start_line": 64}, "_load_template": {"executed_lines": [70], "summary": {"covered_lines": 1, "num_statements": 1, "percent_covered": 100.0, "percent_covered_display": "100", "missing_lines": 0, "excluded_lines": 0, "percent_statements_covered": 100.0, "percent_statements_covered_display": "100"}, "missing_lines": [], "excluded_lines": [], "start_line": 69}, "run": {"executed_lines": [78, 79, 80, 82, 83, 84, 86, 87, 89, 90, 91, 92, 97, 98, 105, 107], "summary": {"covered_lines": 16, "num_statements": 16, "percent_covered": 100.0, "percent_covered_display": "100", "missing_lines": 0, "excluded_lines": 0, "percent_statements_covered": 100.0, "percent_statements_covered_display": "100"}, "missing_lines": [], "excluded_lines": [], "start_line": 77}, "": {"executed_lines": [22, 24, 25, 26, 27, 28, 30, 31, 33, 36, 39, 64, 69, 77], "summary": {"covered_lines": 14, "num_statements": 14, "percent_covered": 100.0, "percent_covered_display": "100", "missing_lines": 0, "excluded_lines": 0, "percent_statements_covered": 100.0, "percent_statements_covered_display": "100"}, "missing_lines": [], "excluded_lines": [], "start_line": 1}}, "classes": {"": {"executed_lines": [22, 24, 25, 26, 27, 28, 30, 31, 33, 36, 39, 46, 48, 50, 51, 56, 61, 64, 66, 69, 70, 77, 78, 79, 80, 82, 83, 84, 86, 87, 89, 90, 91, 92, 97, 98, 105, 107], "summary": {"covered_lines": 38, "num_statements": 39, "percent_covered": 97.43589743589743, "percent_covered_display": "97", "missing_lines": 1, "excluded_lines": 0, "percent_statements_covered": 97.43589743589743, "percent_statements_covered_display": "97"}, "missing_lines": [57], "excluded_lines": [], "start_line": 1}}}, "src\\myco\\cycle\\graft.py": {"executed_lines": [25, 27, 28, 29, 30, 32, 33, 34, 35, 37, 40, 134, 158, 202], "summary": {"covered_lines": 14, "num_statements": 109, "percent_covered": 12.844036697247706, "percent_covered_display": "13", "missing_lines": 95, "excluded_lines": 0, "percent_statements_covered": 12.844036697247706, "percent_statements_covered_display": "13"}, "missing_lines": [48, 52, 53, 55, 56, 57, 58, 59, 60, 61, 62, 69, 70, 73, 74, 76, 77, 78, 79, 80, 81, 82, 89, 90, 93, 94, 96, 97, 98, 99, 100, 101, 108, 109, 112, 113, 114, 118, 119, 120, 121, 128, 129, 131, 143, 145, 147, 151, 152, 155, 160, 161, 162, 163, 164, 165, 166, 167, 169, 170, 171, 172, 173, 175, 176, 177, 178, 179, 180, 182, 183, 184, 185, 186, 187, 188, 189, 190, 196, 203, 204, 205, 207, 214, 215, 218, 219, 223, 224, 225, 234, 235, 236, 246, 247], "excluded_lines": [], "functions": {"_collect_plugins": {"executed_lines": [], "summary": {"covered_lines": 0, "num_statements": 44, "percent_covered": 0.0, "percent_covered_display": "0", "missing_lines": 44, "excluded_lines": 0, "percent_statements_covered": 0.0, "percent_statements_covered_display": "0"}, "missing_lines": [48, 52, 53, 55, 56, 57, 58, 59, 60, 61, 62, 69, 70, 73, 74, 76, 77, 78, 79, 80, 81, 82, 89, 90, 93, 94, 96, 97, 98, 99, 100, 101, 108, 109, 112, 113, 114, 118, 119, 120, 121, 128, 129, 131], "excluded_lines": [], "start_line": 40}, "_validate": {"executed_lines": [], "summary": {"covered_lines": 0, "num_statements": 6, "percent_covered": 0.0, "percent_covered_display": "0", "missing_lines": 6, "excluded_lines": 0, "percent_statements_covered": 0.0, "percent_statements_covered_display": "0"}, "missing_lines": [143, 145, 147, 151, 152, 155], "excluded_lines": [], "start_line": 134}, "_explain": {"executed_lines": [], "summary": {"covered_lines": 0, "num_statements": 29, "percent_covered": 0.0, "percent_covered_display": "0", "missing_lines": 29, "excluded_lines": 0, "percent_statements_covered": 0.0, "percent_statements_covered_display": "0"}, "missing_lines": [160, 161, 162, 163, 164, 165, 166, 167, 169, 170, 171, 172, 173, 175, 176, 177, 178, 179, 180, 182, 183, 184, 185, 186, 187, 188
[...]
dict": {"executed_lines": [207, 211, 212, 216, 217, 220, 221, 222, 223, 225, 226], "summary": {"covered_lines": 11, "num_statements": 12, "percent_covered": 91.66666666666667, "percent_covered_display": "92", "missing_lines": 1, "excluded_lines": 0, "percent_statements_covered": 91.66666666666667, "percent_statements_covered_display": "92"}, "missing_lines": [208], "excluded_lines": [], "start_line": 202}, "": {"executed_lines": [9, 11, 12, 13, 14, 15, 17, 18, 19, 21, 32, 35, 76, 129, 139, 147, 192, 202], "summary": {"covered_lines": 18, "num_statements": 18, "percent_covered": 100.0, "percent_covered_display": "100", "missing_lines": 0, "excluded_lines": 2, "percent_statements_covered": 100.0, "percent_statements_covered_display": "100"}, "missing_lines": [], "excluded_lines": [229, 230], "start_line": 1}}, "classes": {"": {"executed_lines": [9, 11, 12, 13, 14, 15, 17, 18, 19, 21, 32, 35, 36, 37, 38, 42, 48, 51, 59, 60, 68, 76, 77, 78, 79, 87, 92, 96, 100, 110, 111, 112, 114, 115, 116, 119, 120, 124, 125, 126, 129, 130, 131, 132, 133, 134, 135, 136, 139, 140, 141, 142, 143, 144, 147, 148, 149, 150, 151, 152, 153, 156, 158, 160, 161, 163, 164, 170, 171, 172, 176, 181, 186, 188, 189, 192, 193, 194, 195, 196, 197, 199, 202, 207, 211, 212, 216, 217, 220, 221, 222, 223, 225, 226], "summary": {"covered_lines": 94, "num_statements": 99, "percent_covered": 94.94949494949495, "percent_covered_display": "95", "missing_lines": 5, "excluded_lines": 4, "percent_statements_covered": 94.94949494949495, "percent_statements_covered_display": "95"}, "missing_lines": [52, 154, 155, 198, 208], "excluded_lines": [173, 174, 229, 230], "start_line": 1}}}, "src\\myco\\surface\\manifest.py": {"executed_lines": [22, 24, 25, 26, 27, 28, 29, 30, 31, 33, 35, 36, 42, 44, 56, 61, 62, 65, 66, 69, 70, 71, 72, 73, 75, 76, 77, 79, 81, 82, 83, 84, 85, 86, 87, 88, 89, 90, 91, 92, 94, 95, 96, 97, 98, 99, 100, 101, 107, 108, 111, 112, 113, 114, 115, 116, 117, 122, 126, 128, 130, 135, 136, 137, 142, 143, 148, 151, 152, 155, 156, 158, 165, 166, 167, 168, 169, 170, 171, 172, 174, 177, 181, 182, 183, 184, 185, 188, 191, 197, 198, 199, 200, 201, 210, 211, 212, 216, 217, 221, 222, 223, 227, 231, 236, 245, 246, 250, 251, 255, 268, 269, 271, 276, 277, 280, 282, 283, 287, 288, 290, 291, 292, 299, 300, 301, 302, 307, 308, 311, 334, 335, 337, 338, 339, 396, 407, 408, 409, 410, 411, 412, 413, 417, 418, 419, 428, 436, 438, 439, 440, 441, 442, 443, 447, 449, 450, 451, 452, 455, 479, 482, 483, 486, 487, 488, 492, 493, 494, 495, 499, 500, 508, 512, 513, 529, 530, 531, 533, 534, 538, 540, 542, 544, 548], "summary": {"covered_lines": 185, "num_statements": 247, "percent_covered": 74.89878542510121, "percent_covered_display": "75", "missing_lines": 62, "excluded_lines": 0, "percent_statements_covered": 74.89878542510121, "percent_statements_covered_display": "75"}, "missing_lines": [93, 104, 131, 138, 139, 144, 175, 213, 218, 224, 228, 232, 247, 252, 278, 279, 281, 284, 289, 293, 303, 336, 341, 342, 343, 344, 347, 348, 351, 352, 353, 356, 357, 358, 361, 362, 363, 364, 367, 372, 373, 374, 375, 376, 377, 378, 379, 383, 384, 385, 386, 390, 392, 393, 503, 506, 515, 516, 519, 523, 525, 545], "excluded_lines": [], "functions": {"dash_to_snake": {"executed_lines": [62], "summary": {"covered_lines": 1, "num_statements": 1, "percent_covered": 100.0, "percent_covered_display": "100", "missing_lines": 0, "excluded_lines": 0, "percent_statements_covered": 100.0, "percent_statements_covered_display": "100"}, "missing_lines": [], "excluded_lines": [], "start_line": 61}, "ArgSpec.snake": {"executed_lines": [77], "summary": {"covered_lines": 1, "num_statements": 1, "percent_covered": 100.0, "percent_covered_display": "100", "missing_lines": 0, "excluded_lines": 0, "percent_statements_covered": 100.0, "percent_statements_covered_display": "100"}, "missing_lines": [], "excluded_lines": [], "start_line": 76}, "ArgSpec.coerce": {"executed_lines": [81, 82, 83, 84, 85, 86, 87, 88, 89, 90, 91, 92, 94, 95, 96, 97, 98, 99, 100, 101], "summary": {"covered_lines": 20, "num_statements": 22, "percent_covered": 90.9090909090909, "percent_covered_display": "91", "missing_lines": 2, "excluded_lines": 0, "percent_statements_covered": 90.9090909090909, "percent_statements_covered_display": "91"}, "missing_lines": [93, 104], "excluded_lines": [], "start_line": 79}, "CommandSpec.resolve_handler": {"executed_lines": [130, 135, 136, 137, 142, 143, 148], "summary": {"covered_lines": 7, "num_statements": 11, "percent_covered": 63.63636363636363, "percent_covered_display": "64", "missing_lines": 4, "excluded_lines": 0, "percent_statements_covered": 63.63636363636363, "percent_statements_covered_display": "64"}, "missing_lines": [131, 138, 139, 144], "excluded_lines": [], "start_line": 128}, "Manifest.by_name": {"executed_lines": [165, 166, 167, 168, 169, 170, 171, 172], "summary": {"covered_lines": 8, "num_statements": 8, "percent_covered": 100.0, "percent_covered_display": "100", "missing_lines": 0, "excluded_lines": 0, "percent_statements_covered": 100.0, "percent_statements_covered_display": "100"}, "missing_lines": [], "excluded_lines": [], "start_line": 158}, "Manifest.names": {"executed_lines": [], "summary": {"covered_lines": 0, "num_statements": 1, "percent_covered": 0.0, "percent_covered_display": "0", "missing_lines": 1, "excluded_lines": 0, "percent_statements_covered": 0.0, "percent_statements_covered_display": "0"}, "missing_lines": [175], "excluded_lines": [], "start_line": 174}, "Manifest.all_names_including_aliases": {"executed_lines": [181, 182, 183, 184, 185], "summary": {"covered_lines": 5, "num_statements": 5, "percent_covered": 100.0, "percent_covered_display": "100", "missing_lines": 0, "excluded_lines": 0, "percent_statements_covered": 100.0, "percent_statements_covered_display": "100"}, "missing_lines": [], "excluded_lines": [], "start_line": 177}, "_warn_alias": {"executed_lines": [197, 198, 199, 200, 201], "summary": {"covered_lines": 5, "num_statements": 5, "percent_covered": 100.0, "percent_covered_display": "100", "missing_lines": 0, "excluded_lines": 0, "percent_statements_covered": 100.0, "percent_statements_covered_display": "100"}, "missing_lines": [], "excluded_lines": [], "start_line": 191}, "_parse_command": {"executed_lines": [211, 212, 216, 217, 221, 222, 223, 227, 231, 236, 245, 246, 250, 251, 255], "summary": {"covered_lines": 15, "num_statements": 22, "percent_covered": 68.18181818181819, "percent_covered_display": "68", "missing_lines": 7, "excluded_lines": 0, "percent_statements_covered": 68.18181818181819, "percent_statements_covered_display": "68"}, "missing_lines": [213, 218, 224, 228, 232, 247, 252], "excluded_lines": [], "start_line": 210}, "load_manifest": {"executed_lines": [271, 276, 277, 280, 282, 283, 287, 288, 290, 291, 292, 299, 300, 301, 302, 307, 308], "summary": {"covered_lines": 17, "num_statements": 24, "percent_covered": 70.83333333333333, "percent_covered_display": "71", "missing_lines": 7, "excluded_lines": 0, "percent_statements_covered": 70.83333333333333, "percent_statements_covered_display": "71"}, "missing_lines": [278, 279, 281, 284, 289, 293, 303], "excluded_lines": [], "start_line": 269}, "load_manifest_with_overlay": {"executed_lines": [334, 335, 337, 338, 339], "summary": {"covered_lines": 5, "num_statements": 38, "percent_covered": 13.157894736842104, "percent_covered_display": "13", "missing_lines": 33, "excluded_lines": 0, "percent_statements_covered": 13.157894736842104, "percent_statements_covered_display": "13"}, "missing_lines": [336, 341, 342, 343, 344, 347, 348, 351, 352, 353, 356, 357, 358, 361, 362, 363, 364, 367, 372, 373, 374, 375, 376, 377, 378, 379, 383, 384, 385, 386, 390, 392, 393], "excluded_lines": [], "start_line": 311}, "build_context": {"executed_lines": [407, 408, 409, 410, 411, 412, 413, 417, 418, 419], "summary": {"covered_lines": 10, "num_statements": 10, "percent_covered": 100.0, "percent_covered_display": "100", "missing_lines": 0, "excluded_lines": 0, "percent_statements_covered": 100.0, "percent_statements_covered_display": "100"}, "missing_lines": [], "excluded_lines": [], "start_line": 396}, "build_handler_args": {"executed_lines": [436, 438, 439, 440, 441, 442, 443, 447, 449, 450, 451, 452], "summary": {"covered_lines": 12, "num_statements": 12, "percent_covered": 100.0, "percent_covered_display": "100", "missing_lines": 0, "excluded_lines": 0, "percent_statements_covered": 100.0, "percent_statements_covered_display": "100"}, "missing_lines": [], "excluded_lines": [], "start_line": 428}, "dispatch": {"executed_lines": [479, 482, 483, 486, 487, 488, 492, 493, 494, 495, 499, 500, 508, 512, 513, 529, 530, 531, 533, 534, 538, 540, 542, 544, 548], "summary": {"covered_lines": 25, "num_statements": 33, "percent_covered": 75.75757575757575, "percent_covered_display": "76", "missing_lines": 8, "excluded_lines": 0, "percent_statements_covered": 75.75757575757575, "percent_statements_covered_display": "76"}, "missing_lines": [503, 506, 515, 516, 519, 523, 525, 545], "excluded_lines": [], "start_line": 455}, "": {"executed_lines": [22, 24, 25, 26, 27, 28, 29, 30, 31, 33, 35, 36, 42, 44, 56, 61, 65, 66, 69, 70, 71, 72, 73, 75, 76, 79, 107, 108, 111, 112, 113, 114, 115, 116, 117, 122, 126, 128, 151, 152, 155, 156, 158, 174, 177, 188, 191, 210, 268, 269, 311, 396, 428, 455], "summary": {"covered_lines": 54, "num_statements": 54, "percent_covered": 100.0, "percent_covered_display": "100", "missing_lines": 0, "excluded_lines": 0, "percent_statements_covered": 100.0, "percent_statements_covered_display": "100"}, "missing_lines": [], "excluded_lines": [], "start_line": 1}}, "classes": {"ArgSpec": {"executed_lines": [77, 81, 82, 83, 84, 85, 86, 87, 88, 89, 90, 91, 92, 94, 95, 96, 97, 98, 99, 100, 101], "summary": {"covered_lines": 21, "num_statements": 23, "percent_covered": 91.30434782608695, "percent_covered_display": "91", "missing_lines": 2, "excluded_lines": 0, "percent_statements_covered": 91.30434782608695, "percent_statements_covered_display": "91"}, "missing_lines": [93, 104], "excluded_lines": [], "start_line": 66}, "CommandSpec": {"executed_lines": [130, 135, 136, 137, 142, 143, 148], "summary": {"covered_lines": 7, "num_statements": 11, "percent_covered": 63.63636363636363, "percent_covered_display": "64", "missing_lines": 4, "excluded_lines": 0, "percent_statements_covered": 63.63636363636363, "percent_statements_covered_display": "64"}, "missing_lines": [131, 138, 139, 144], "excluded_lines": [], "start_line": 108}, "Manifest": {"executed_lines": [165, 166, 167, 168, 169, 170, 171, 172, 181, 182, 183, 184, 185], "summary": {"covered_lines": 13, "num_statements": 14, "percent_covered": 92.85714285714286, "percent_covered_display": "93", "missing_lines": 1, "excluded_lines": 0, "percent_statements_covered": 92.85714285714286, "percent_statements_covered_display": "93"}, "missing_lines": [175], "excluded_lines": [], "start_line": 152}, "": {"executed_lines": [22, 24, 25, 26, 27, 28, 29, 30, 31, 33, 35, 36, 42, 44, 56, 61, 62, 65, 66, 69, 70, 71, 72, 73, 75, 76, 79, 107, 108, 111, 112, 113, 114, 115, 116, 117, 122, 126, 128, 151, 152, 155, 156, 158, 174, 177, 188, 191, 197, 198, 199, 200, 201, 210, 211, 212, 216, 217, 221, 222, 223, 227, 231, 236, 245, 246, 250, 251, 255, 268, 269, 271, 276, 277, 280, 282, 283, 287, 288, 290, 291, 292, 299, 300, 301, 302, 307, 308, 311, 334, 335, 337, 338, 339, 396, 407, 408, 409, 410, 411, 412, 413, 417, 418, 419, 428, 436, 438, 439, 440, 441, 442, 443, 447, 449, 450, 451, 452, 455, 479, 482, 483, 486, 487, 488, 492, 493, 494, 495, 499, 500, 508, 512, 513, 529, 530, 531, 533, 534, 538, 540, 542, 544, 548], "summary": {"covered_lines": 144, "num_statements": 199, "percent_covered": 72.36180904522612, "percent_covered_display": "72", "missing_lines": 55, "excluded_lines": 0, "percent_statements_covered": 72.36180904522612, "percent_statements_covered_display": "72"}, "missing_lines": [213, 218, 224, 228, 232, 247, 252, 278, 279, 281, 284, 289, 293, 303, 336, 341, 342, 343, 344, 347, 348, 351, 352, 353, 356, 357, 358, 361, 362, 363, 364, 367, 372, 373, 374, 375, 376, 377, 378, 379, 383, 384, 385, 386, 390, 392, 393, 503, 506, 515, 516, 519, 523, 525, 545], "excluded_lines": [], "start_line": 1}}}, "src\\myco\\surface\\mcp.py": {"executed_lines": [23, 25, 26, 28, 30, 31, 35, 38, 51, 86, 91, 92, 100, 104, 106, 107, 108, 109, 110, 111, 112, 115, 118, 130, 131, 133, 134, 135, 136, 138, 143, 156, 162, 163, 164, 165, 166, 167, 168, 169, 170, 171, 172, 188, 194, 195, 198, 204, 205, 206, 207, 208, 209, 214, 221, 222, 223, 224, 225, 226, 228], "summary": {"covered_lines": 61, "num_statements": 65, "percent_covered": 93.84615384615384, "percent_covered_display": "94", "missing_lines": 4, "excluded_lines": 46, "percent_statements_covered": 93.84615384615384, "percent_statements_covered_display": "94"}, "missing_lines": [105, 113, 114, 227], "excluded_lines": [32, 33, 231, 232, 233, 234, 235, 236, 237, 238, 239, 240, 241, 242, 243, 244, 245, 246, 247, 248, 249, 250, 251, 252, 253, 254, 255, 256, 257, 258, 259, 260, 261, 262, 263, 264, 265, 266, 267, 268, 269, 270, 271, 272, 273, 274], "functions": {"build_initialization_instructions": {"executed_lines": [91, 92], "summary": {"covered_lines": 2, "num_statements": 2, "percent_covered": 100.0, "percent_covered_display": "100", "missing_lines": 0, "excluded_lines": 0, "percent_statements_covered": 100.0, "percent_statements_covered_display": "100"}, "missing_lines": [], "excluded_lines": [], "start_line": 86}, "_load_canon": {"executed_lines": [104, 106, 107, 108, 109, 110, 111, 112, 115], "summary": {"covered_lines": 9, "num_statements": 12, "percent_covered": 75.0, "percent_covered_display": "75", "missing_lines": 3, "excluded_lines": 0, "percent_statements_covered": 75.0, "percent_statements_covered_display": "75"}, "missing_lines": [105, 113, 114], "excluded_lines": [], "start_line": 100}, "_compute_substrate_pulse": {"executed_lines": [130, 131, 133, 134, 135, 136, 138, 143], "summary": {"covered_lines": 8, "num_statements": 8, "percent_covered": 100.0, "percent_covered_display": "100", "missing_lines": 0, "excluded_lines": 0, "percent_statements_covered": 100.0, "percent_statements_covered_display": "100"}, "missing_lines": [], "excluded_lines": [], "start_line": 118}, "build_tool_spec": {"executed_lines": [162, 163, 164, 165, 166, 167, 168, 169, 170, 171, 172], "summary": {"covered_lines": 11, "num_statements": 11, "percent_covered": 100.0, "percent_covered_display": "100", "missing_lines": 0, "excluded_lines": 0, "percent_statements_covered": 100.0, "percent_statements_covered_display": "100"}, "missing_lines": [], "excluded_lines": [], "start_line": 156}, "_ServerState.__init__": {"executed_lines": [195], "summary": {"covered_lines": 1, "num_statements": 1, "percent_covered": 100.0, "percent_covered_display": "100", "missing_lines": 0, "excluded_lines": 0, "percent_statements_covered": 100.0, "percent_statements_covered_display": "100"}, "missing_lines": [], "excluded_lines": [], "start_line": 194}, "_invoke": {"executed_lines": [204, 205, 206, 207, 208, 209, 214], "summary": {"covered_lines": 7, "num_statements": 7, "percent_covered": 100.0, "percent_covered_display": "100", "missing_lines": 0, "excluded_lines": 0, "percent_statements_covered": 100.0, "percent_statements_covered_display": "100"}, "missing_lines": [], "excluded_lines": [], "start_line": 198}, "_jsonable": {"executed_lines": [222, 223, 224, 225, 226, 228], "summary": {"covered_lines": 6, "num_statements": 7, "percent_covered": 85.71428571428571, "percent_covered_display": "86", "missing_lines": 1, "excluded_lines": 0, "percent_statements_covered": 85.71428571428571, "percent_statements_covered_display": "86"}, "missing_lines": [227], "excluded_lines": [], "start_line": 221}, "build_server": {"executed_lines": [], "summary": {"covered_lines": 0, "num_statements": 0, "percent_covered": 100.0, "percent_covered_display": "100", "missing_lines": 0, "excluded_lines": 37, "percent_statements_covered": 100.0, "percent_statements_covered_display": "100"}, "missing_lines": [], "excluded_lines": [232, 233, 234, 235, 236, 237, 238, 239, 240, 241, 242, 243, 244, 245, 246, 253, 254, 255, 256, 257, 258, 259, 260, 261, 262, 263, 264, 265, 266, 267, 268, 269, 270, 271, 272, 273, 274], "start_line": 231}, "build_server._make_handler": {"executed_lines": [], "summary": {"covered_lines": 0, "num_statements": 0, "percent_covered": 100.0, "percent_covered_display": "100", "missing_lines": 0, "excluded_lines": 5, "percent_statements_covered": 100.0, "percent_statements_covered_display": "100"}, "missing_lines": [], "excluded_lines": [247, 249, 250, 251, 252], "start_line": 246}, "build_server._make_handler._handler": {"executed_lines": [], "summary": {"covered_lines": 0, "num_statements": 0, "percent_covered": 100.0, "percent_covered_display": "100", "missing_lines": 0, "excluded_lines": 1, "percent_statements_covered": 100.0, "percent_statements_covered_display": "100"}, "missing_lines": [], "excluded_lines": [248], "start_line": 247}, "": {"executed_lines": [23, 25, 26, 28, 30, 31, 35, 38, 51, 86, 100, 118, 156, 188, 194, 198, 221], "summary": {"covered_lines": 17, "num_statements": 17, "percent_covered": 100.0, "percent_covered_display": "100", "missing_lines": 0, "excluded_lines": 3, "percent_statements_covered": 100.0, "percent_statements_covered_display": "100"}, "missing_lines": [], "excluded_lines": [32, 33, 231], "start_line": 1}}, "classes": {"_ServerState": {"executed_lines": [195], "summary": {"covered_lines": 1, "num_statements": 1, "percent_covered": 100.0, "percent_covered_display": "100", "missing_lines": 0, "excluded_lines": 0, "percent_statements_covered": 100.0, "percent_statements_covered_display": "100"}, "missing_lines": [], "excluded_lines": [], "start_line": 188}, "": {"executed_lines": [23, 25, 26, 28, 30, 31, 35, 38, 51, 86, 91, 92, 100, 104, 106, 107, 108, 109, 110, 111, 112, 115, 118, 130, 131, 133, 134, 135, 136, 138, 143, 156, 162, 163, 164, 165, 166, 167, 168, 169, 170, 171, 172, 188, 194, 198, 204, 205, 206, 207, 208, 209, 214, 221, 222, 223, 224, 225, 226, 228], "summary": {"covered_lines": 60, "num_statements": 64, "percent_covered": 93.75, "percent_covered_display": "94", "missing_lines": 4, "excluded_lines": 46, "percent_statements_covered": 93.75, "percent_statements_covered_display": "94"}, "missing_lines": [105, 113, 114, 227], "excluded_lines": [32, 33, 231, 232, 233, 234, 235, 236, 237, 238, 239, 240, 241, 242, 243, 244, 245, 246, 247, 248, 249, 250, 251, 252, 253, 254, 255, 256, 257, 258, 259, 260, 261, 262, 263, 264, 265, 266, 267, 268, 269, 270, 271, 272, 273, 274], "start_line": 1}}}, "src\\myco\\symbionts\\__init__.py": {"executed_lines": [35], "summary": {"covered_lines": 1, "num_statements": 1, "percent_covered": 100.0, "percent_covered_display": "100", "missing_lines": 0, "excluded_lines": 0, "percent_statements_covered": 100.0, "percent_statements_covered_display": "100"}, "missing_lines": [], "excluded_lines": [], "functions": {"": {"executed_lines": [35], "summary": {"covered_lines": 1, "num_statements": 1, "percent_covered": 100.0, "percent_covered_display": "100", "missing_lines": 0, "excluded_lines": 0, "percent_statements_covered": 100.0, "percent_statements_covered_display": "100"}, "missing_lines": [], "excluded_lines": [], "start_line": 1}}, "classes": {"": {"executed_lines": [35], "summary": {"covered_lines": 1, "num_statements": 1, "percent_covered": 100.0, "percent_covered_display": "100", "missing_lines": 0, "excluded_lines": 0, "percent_statements_covered": 100.0, "percent_statements_covered_display": "100"}, "missing_lines": [], "excluded_lines": [], "start_line": 1}}}}, "totals": {"covered_lines": 3529, "num_statements": 4186, "percent_covered": 84.30482560917343, "percent_covered_display": "84", "missing_lines": 657, "excluded_lines": 73, "percent_statements_covered": 84.30482560917343, "percent_statements_covered_display": "84"}}